2023-11-21T08:45:20.461+05:30  INFO 18256 --- [restartedMain] c.p.BirthdayReminderAppApplication       : Starting BirthdayReminderAppApplication using Java 17.0.9 with PID 18256 (D:\BirthdaayApp\BirthdayReminderApp\BirthdayReminderApp\target\classes started by ashishw in D:\BirthdaayApp\BirthdayReminderApp\BirthdayReminderApp)
2023-11-21T08:45:20.466+05:30  INFO 18256 --- [restartedMain] c.p.BirthdayReminderAppApplication       : No active profile set, falling back to 1 default profile: "default"
2023-11-21T08:45:20.508+05:30  INFO 18256 --- [restartedMain] .e.DevToolsPropertyDefaultsPostProcessor : Devtools property defaults active! Set 'spring.devtools.add-properties' to 'false' to disable
2023-11-21T08:45:20.509+05:30  INFO 18256 --- [restartedMain] .e.DevToolsPropertyDefaultsPostProcessor : For additional web related logging consider setting the 'logging.level.web' property to 'DEBUG'
2023-11-21T08:45:20.989+05:30  INFO 18256 --- [restartedMain] .s.d.r.c.RepositoryConfigurationDelegate : Bootstrapping Spring Data JPA repositories in DEFAULT mode.
2023-11-21T08:45:21.044+05:30  INFO 18256 --- [restartedMain] .s.d.r.c.RepositoryConfigurationDelegate : Finished Spring Data repository scanning in 45 ms. Found 1 JPA repository interfaces.
2023-11-21T08:45:21.605+05:30  INFO 18256 --- [restartedMain] o.s.b.w.embedded.tomcat.TomcatWebServer  : Tomcat initialized with port(s): 9090 (http)
2023-11-21T08:45:21.613+05:30  INFO 18256 --- [restartedMain] o.apache.catalina.core.StandardService   : Starting service [Tomcat]
2023-11-21T08:45:21.613+05:30  INFO 18256 --- [restartedMain] o.apache.catalina.core.StandardEngine    : Starting Servlet engine: [Apache Tomcat/10.1.15]
2023-11-21T08:45:21.676+05:30  INFO 18256 --- [restartedMain] o.a.c.c.C.[Tomcat].[localhost].[/]       : Initializing Spring embedded WebApplicationContext
2023-11-21T08:45:21.677+05:30  INFO 18256 --- [restartedMain] w.s.c.ServletWebServerApplicationContext : Root WebApplicationContext: initialization completed in 1167 ms
2023-11-21T08:45:21.792+05:30  INFO 18256 --- [restartedMain] o.hibernate.jpa.internal.util.LogHelper  : HHH000204: Processing PersistenceUnitInfo [name: default]
2023-11-21T08:45:21.846+05:30  INFO 18256 --- [restartedMain] org.hibernate.Version                    : HHH000412: Hibernate ORM core version 6.2.13.Final
2023-11-21T08:45:21.848+05:30  INFO 18256 --- [restartedMain] org.hibernate.cfg.Environment            : HHH000406: Using bytecode reflection optimizer
2023-11-21T08:45:22.075+05:30  INFO 18256 --- [restartedMain] o.s.o.j.p.SpringPersistenceUnitInfo      : No LoadTimeWeaver setup: ignoring JPA class transformer
2023-11-21T08:45:22.099+05:30  INFO 18256 --- [restartedMain] com.zaxxer.hikari.HikariDataSource       : HikariPool-1 - Starting...
2023-11-21T08:45:22.319+05:30  INFO 18256 --- [restartedMain] com.zaxxer.hikari.pool.HikariPool        : HikariPool-1 - Added connection com.mysql.cj.jdbc.ConnectionImpl@564b6b6b
2023-11-21T08:45:22.320+05:30  INFO 18256 --- [restartedMain] com.zaxxer.hikari.HikariDataSource       : HikariPool-1 - Start completed.
2023-11-21T08:45:22.372+05:30  WARN 18256 --- [restartedMain] org.hibernate.orm.deprecation            : HHH90000025: MySQL8Dialect does not need to be specified explicitly using 'hibernate.dialect' (remove the property setting and it will be selected by default)
2023-11-21T08:45:22.373+05:30  WARN 18256 --- [restartedMain] org.hibernate.orm.deprecation            : HHH90000026: MySQL8Dialect has been deprecated; use org.hibernate.dialect.MySQLDialect instead
2023-11-21T08:45:23.024+05:30  INFO 18256 --- [restartedMain] o.h.e.t.j.p.i.JtaPlatformInitiator       : HHH000489: No JTA platform available (set 'hibernate.transaction.jta.platform' to enable JTA platform integration)
2023-11-21T08:45:23.067+05:30  INFO 18256 --- [restartedMain] j.LocalContainerEntityManagerFactoryBean : Initialized JPA EntityManagerFactory for persistence unit 'default'
2023-11-21T08:45:23.270+05:30  INFO 18256 --- [restartedMain] o.s.d.j.r.query.QueryEnhancerFactory     : Hibernate is in classpath; If applicable, HQL parser will be used.
2023-11-21T08:45:23.600+05:30  WARN 18256 --- [restartedMain] JpaBaseConfiguration$JpaWebConfiguration : spring.jpa.open-in-view is enabled by default. Therefore, database queries may be performed during view rendering. Explicitly configure spring.jpa.open-in-view to disable this warning
2023-11-21T08:45:23.725+05:30  INFO 18256 --- [restartedMain] o.s.b.a.w.s.WelcomePageHandlerMapping    : Adding welcome page template: index
2023-11-21T08:45:23.902+05:30  INFO 18256 --- [restartedMain] o.s.b.d.a.OptionalLiveReloadServer       : LiveReload server is running on port 35729
2023-11-21T08:45:23.964+05:30  INFO 18256 --- [restartedMain] o.s.b.w.embedded.tomcat.TomcatWebServer  : Tomcat started on port(s): 9090 (http) with context path ''
2023-11-21T08:45:23.974+05:30  INFO 18256 --- [restartedMain] c.p.BirthdayReminderAppApplication       : Started BirthdayReminderAppApplication in 3.862 seconds (process running for 4.683)
2023-11-21T08:46:23.136+05:30  INFO 18256 --- [http-nio-9090-exec-1] o.a.c.c.C.[Tomcat].[localhost].[/]       : Initializing Spring DispatcherServlet 'dispatcherServlet'
2023-11-21T08:46:23.137+05:30  INFO 18256 --- [http-nio-9090-exec-1] o.s.web.servlet.DispatcherServlet        : Initializing Servlet 'dispatcherServlet'
2023-11-21T08:46:23.138+05:30  INFO 18256 --- [http-nio-9090-exec-1] o.s.web.servlet.DispatcherServlet        : Completed initialization in 1 ms
2023-11-21T08:48:08.268+05:30  INFO 18256 --- [File Watcher] rtingClassPathChangeChangedEventListener : Restarting due to 1 class path change (0 additions, 0 deletions, 1 modification)
2023-11-21T08:48:08.279+05:30  INFO 18256 --- [Thread-5] o.apache.catalina.core.StandardService   : Stopping service [Tomcat]
2023-11-21T08:48:08.280+05:30  INFO 18256 --- [Thread-5] o.a.c.c.C.[Tomcat].[localhost].[/]       : Destroying Spring FrameworkServlet 'dispatcherServlet'
2023-11-21T08:48:08.285+05:30  INFO 18256 --- [Thread-5] j.LocalContainerEntityManagerFactoryBean : Closing JPA EntityManagerFactory for persistence unit 'default'
2023-11-21T08:48:08.287+05:30  INFO 18256 --- [Thread-5] com.zaxxer.hikari.HikariDataSource       : HikariPool-1 - Shutdown initiated...
2023-11-21T08:48:08.294+05:30  INFO 18256 --- [Thread-5] com.zaxxer.hikari.HikariDataSource       : HikariPool-1 - Shutdown completed.
2023-11-21T08:48:08.377+05:30  INFO 18256 --- [restartedMain] c.p.BirthdayReminderAppApplication       : Starting BirthdayReminderAppApplication using Java 17.0.9 with PID 18256 (D:\BirthdaayApp\BirthdayReminderApp\BirthdayReminderApp\target\classes started by ashishw in D:\BirthdaayApp\BirthdayReminderApp\BirthdayReminderApp)
2023-11-21T08:48:08.377+05:30  INFO 18256 --- [restartedMain] c.p.BirthdayReminderAppApplication       : No active profile set, falling back to 1 default profile: "default"
2023-11-21T08:48:08.494+05:30  INFO 18256 --- [restartedMain] .s.d.r.c.RepositoryConfigurationDelegate : Bootstrapping Spring Data JPA repositories in DEFAULT mode.
2023-11-21T08:48:08.504+05:30  INFO 18256 --- [restartedMain] .s.d.r.c.RepositoryConfigurationDelegate : Finished Spring Data repository scanning in 9 ms. Found 1 JPA repository interfaces.
2023-11-21T08:48:08.568+05:30  INFO 18256 --- [restartedMain] o.s.b.w.embedded.tomcat.TomcatWebServer  : Tomcat initialized with port(s): 9090 (http)
2023-11-21T08:48:08.568+05:30  INFO 18256 --- [restartedMain] o.apache.catalina.core.StandardService   : Starting service [Tomcat]
2023-11-21T08:48:08.569+05:30  INFO 18256 --- [restartedMain] o.apache.catalina.core.StandardEngine    : Starting Servlet engine: [Apache Tomcat/10.1.15]
2023-11-21T08:48:08.582+05:30  INFO 18256 --- [restartedMain] o.a.c.c.C.[Tomcat].[localhost].[/]       : Initializing Spring embedded WebApplicationContext
2023-11-21T08:48:08.582+05:30  INFO 18256 --- [restartedMain] w.s.c.ServletWebServerApplicationContext : Root WebApplicationContext: initialization completed in 203 ms
2023-11-21T08:48:08.615+05:30  INFO 18256 --- [restartedMain] o.hibernate.jpa.internal.util.LogHelper  : HHH000204: Processing PersistenceUnitInfo [name: default]
2023-11-21T08:48:08.620+05:30  INFO 18256 --- [restartedMain] o.s.o.j.p.SpringPersistenceUnitInfo      : No LoadTimeWeaver setup: ignoring JPA class transformer
2023-11-21T08:48:08.621+05:30  INFO 18256 --- [restartedMain] com.zaxxer.hikari.HikariDataSource       : HikariPool-2 - Starting...
2023-11-21T08:48:08.633+05:30  INFO 18256 --- [restartedMain] com.zaxxer.hikari.pool.HikariPool        : HikariPool-2 - Added connection com.mysql.cj.jdbc.ConnectionImpl@2dbdacd6
2023-11-21T08:48:08.634+05:30  INFO 18256 --- [restartedMain] com.zaxxer.hikari.HikariDataSource       : HikariPool-2 - Start completed.
2023-11-21T08:48:08.635+05:30  WARN 18256 --- [restartedMain] org.hibernate.orm.deprecation            : HHH90000025: MySQL8Dialect does not need to be specified explicitly using 'hibernate.dialect' (remove the property setting and it will be selected by default)
2023-11-21T08:48:08.635+05:30  WARN 18256 --- [restartedMain] org.hibernate.orm.deprecation            : HHH90000026: MySQL8Dialect has been deprecated; use org.hibernate.dialect.MySQLDialect instead
2023-11-21T08:48:08.660+05:30  INFO 18256 --- [restartedMain] o.h.e.t.j.p.i.JtaPlatformInitiator       : HHH000489: No JTA platform available (set 'hibernate.transaction.jta.platform' to enable JTA platform integration)
2023-11-21T08:48:08.670+05:30  INFO 18256 --- [restartedMain] j.LocalContainerEntityManagerFactoryBean : Initialized JPA EntityManagerFactory for persistence unit 'default'
2023-11-21T08:48:08.730+05:30  WARN 18256 --- [restartedMain] JpaBaseConfiguration$JpaWebConfiguration : spring.jpa.open-in-view is enabled by default. Therefore, database queries may be performed during view rendering. Explicitly configure spring.jpa.open-in-view to disable this warning
2023-11-21T08:48:08.751+05:30  INFO 18256 --- [restartedMain] o.s.b.a.w.s.WelcomePageHandlerMapping    : Adding welcome page template: index
2023-11-21T08:48:08.781+05:30  INFO 18256 --- [restartedMain] o.s.b.d.a.OptionalLiveReloadServer       : LiveReload server is running on port 35729
2023-11-21T08:48:08.793+05:30  INFO 18256 --- [restartedMain] o.s.b.w.embedded.tomcat.TomcatWebServer  : Tomcat started on port(s): 9090 (http) with context path ''
2023-11-21T08:48:08.795+05:30  INFO 18256 --- [restartedMain] c.p.BirthdayReminderAppApplication       : Started BirthdayReminderAppApplication in 0.46 seconds (process running for 169.569)
2023-11-21T08:48:08.797+05:30  INFO 18256 --- [restartedMain] .ConditionEvaluationDeltaLoggingListener : Condition evaluation unchanged
2023-11-21T11:20:44.146+05:30  INFO 18256 --- [File Watcher] rtingClassPathChangeChangedEventListener : Restarting due to 1 class path change (0 additions, 0 deletions, 1 modification)
2023-11-21T11:20:44.229+05:30  INFO 18256 --- [Thread-7] o.apache.catalina.core.StandardService   : Stopping service [Tomcat]
2023-11-21T11:20:44.317+05:30  INFO 18256 --- [Thread-7] j.LocalContainerEntityManagerFactoryBean : Closing JPA EntityManagerFactory for persistence unit 'default'
2023-11-21T11:20:44.336+05:30  INFO 18256 --- [Thread-7] com.zaxxer.hikari.HikariDataSource       : HikariPool-2 - Shutdown initiated...
2023-11-21T11:20:44.381+05:30  INFO 18256 --- [Thread-7] com.zaxxer.hikari.HikariDataSource       : HikariPool-2 - Shutdown completed.
2023-11-21T11:20:44.756+05:30  INFO 18256 --- [restartedMain] c.p.BirthdayReminderAppApplication       : Starting BirthdayReminderAppApplication using Java 17.0.9 with PID 18256 (D:\BirthdaayApp\BirthdayReminderApp\BirthdayReminderApp\target\classes started by ashishw in D:\BirthdaayApp\BirthdayReminderApp\BirthdayReminderApp)
2023-11-21T11:20:44.756+05:30  INFO 18256 --- [restartedMain] c.p.BirthdayReminderAppApplication       : No active profile set, falling back to 1 default profile: "default"
2023-11-21T11:20:45.023+05:30  INFO 18256 --- [restartedMain] .s.d.r.c.RepositoryConfigurationDelegate : Bootstrapping Spring Data JPA repositories in DEFAULT mode.
2023-11-21T11:20:45.038+05:30  INFO 18256 --- [restartedMain] .s.d.r.c.RepositoryConfigurationDelegate : Finished Spring Data repository scanning in 15 ms. Found 1 JPA repository interfaces.
2023-11-21T11:20:45.302+05:30  INFO 18256 --- [restartedMain] o.s.b.w.embedded.tomcat.TomcatWebServer  : Tomcat initialized with port(s): 9090 (http)
2023-11-21T11:20:45.303+05:30  INFO 18256 --- [restartedMain] o.apache.catalina.core.StandardService   : Starting service [Tomcat]
2023-11-21T11:20:45.303+05:30  INFO 18256 --- [restartedMain] o.apache.catalina.core.StandardEngine    : Starting Servlet engine: [Apache Tomcat/10.1.15]
2023-11-21T11:20:45.344+05:30  INFO 18256 --- [restartedMain] o.a.c.c.C.[Tomcat].[localhost].[/]       : Initializing Spring embedded WebApplicationContext
2023-11-21T11:20:45.345+05:30  INFO 18256 --- [restartedMain] w.s.c.ServletWebServerApplicationContext : Root WebApplicationContext: initialization completed in 585 ms
2023-11-21T11:20:45.415+05:30  INFO 18256 --- [restartedMain] o.hibernate.jpa.internal.util.LogHelper  : HHH000204: Processing PersistenceUnitInfo [name: default]
2023-11-21T11:20:45.429+05:30  INFO 18256 --- [restartedMain] o.s.o.j.p.SpringPersistenceUnitInfo      : No LoadTimeWeaver setup: ignoring JPA class transformer
2023-11-21T11:20:45.430+05:30  INFO 18256 --- [restartedMain] com.zaxxer.hikari.HikariDataSource       : HikariPool-3 - Starting...
2023-11-21T11:20:45.449+05:30  INFO 18256 --- [restartedMain] com.zaxxer.hikari.pool.HikariPool        : HikariPool-3 - Added connection com.mysql.cj.jdbc.ConnectionImpl@359d5278
2023-11-21T11:20:45.450+05:30  INFO 18256 --- [restartedMain] com.zaxxer.hikari.HikariDataSource       : HikariPool-3 - Start completed.
2023-11-21T11:20:45.451+05:30  WARN 18256 --- [restartedMain] org.hibernate.orm.deprecation            : HHH90000025: MySQL8Dialect does not need to be specified explicitly using 'hibernate.dialect' (remove the property setting and it will be selected by default)
2023-11-21T11:20:45.451+05:30  WARN 18256 --- [restartedMain] org.hibernate.orm.deprecation            : HHH90000026: MySQL8Dialect has been deprecated; use org.hibernate.dialect.MySQLDialect instead
2023-11-21T11:20:45.488+05:30  INFO 18256 --- [restartedMain] o.h.e.t.j.p.i.JtaPlatformInitiator       : HHH000489: No JTA platform available (set 'hibernate.transaction.jta.platform' to enable JTA platform integration)
2023-11-21T11:20:45.511+05:30  INFO 18256 --- [restartedMain] j.LocalContainerEntityManagerFactoryBean : Initialized JPA EntityManagerFactory for persistence unit 'default'
2023-11-21T11:20:45.651+05:30  WARN 18256 --- [restartedMain] JpaBaseConfiguration$JpaWebConfiguration : spring.jpa.open-in-view is enabled by default. Therefore, database queries may be performed during view rendering. Explicitly configure spring.jpa.open-in-view to disable this warning
2023-11-21T11:20:45.724+05:30  INFO 18256 --- [restartedMain] o.s.b.a.w.s.WelcomePageHandlerMapping    : Adding welcome page template: index
2023-11-21T11:20:45.825+05:30  INFO 18256 --- [restartedMain] o.s.b.d.a.OptionalLiveReloadServer       : LiveReload server is running on port 35729
2023-11-21T11:20:45.845+05:30  INFO 18256 --- [restartedMain] o.s.b.w.embedded.tomcat.TomcatWebServer  : Tomcat started on port(s): 9090 (http) with context path ''
2023-11-21T11:20:45.851+05:30  INFO 18256 --- [restartedMain] c.p.BirthdayReminderAppApplication       : Started BirthdayReminderAppApplication in 1.212 seconds (process running for 9326.598)
2023-11-21T11:20:45.852+05:30  INFO 18256 --- [restartedMain] .ConditionEvaluationDeltaLoggingListener : Condition evaluation unchanged
2023-11-21T11:20:47.001+05:30  INFO 24828 --- [restartedMain] c.p.BirthdayReminderAppApplication       : Starting BirthdayReminderAppApplication using Java 17.0.9 with PID 24828 (D:\BirthdaayApp\BirthdayReminderApp\BirthdayReminderApp\target\classes started by ashishw in D:\BirthdaayApp\BirthdayReminderApp\BirthdayReminderApp)
2023-11-21T11:20:47.004+05:30  INFO 24828 --- [restartedMain] c.p.BirthdayReminderAppApplication       : No active profile set, falling back to 1 default profile: "default"
2023-11-21T11:20:47.102+05:30  INFO 24828 --- [restartedMain] .e.DevToolsPropertyDefaultsPostProcessor : Devtools property defaults active! Set 'spring.devtools.add-properties' to 'false' to disable
2023-11-21T11:20:47.106+05:30  INFO 24828 --- [restartedMain] .e.DevToolsPropertyDefaultsPostProcessor : For additional web related logging consider setting the 'logging.level.web' property to 'DEBUG'
2023-11-21T11:20:48.037+05:30  INFO 24828 --- [restartedMain] .s.d.r.c.RepositoryConfigurationDelegate : Bootstrapping Spring Data JPA repositories in DEFAULT mode.
2023-11-21T11:20:48.133+05:30  INFO 24828 --- [restartedMain] .s.d.r.c.RepositoryConfigurationDelegate : Finished Spring Data repository scanning in 86 ms. Found 1 JPA repository interfaces.
2023-11-21T11:20:49.012+05:30  INFO 24828 --- [restartedMain] o.s.b.w.embedded.tomcat.TomcatWebServer  : Tomcat initialized with port(s): 9090 (http)
2023-11-21T11:20:49.029+05:30  INFO 24828 --- [restartedMain] o.apache.catalina.core.StandardService   : Starting service [Tomcat]
2023-11-21T11:20:49.030+05:30  INFO 24828 --- [restartedMain] o.apache.catalina.core.StandardEngine    : Starting Servlet engine: [Apache Tomcat/10.1.15]
2023-11-21T11:20:49.155+05:30  INFO 24828 --- [restartedMain] o.a.c.c.C.[Tomcat].[localhost].[/]       : Initializing Spring embedded WebApplicationContext
2023-11-21T11:20:49.156+05:30  INFO 24828 --- [restartedMain] w.s.c.ServletWebServerApplicationContext : Root WebApplicationContext: initialization completed in 2049 ms
2023-11-21T11:20:49.381+05:30  INFO 24828 --- [restartedMain] o.hibernate.jpa.internal.util.LogHelper  : HHH000204: Processing PersistenceUnitInfo [name: default]
2023-11-21T11:20:49.488+05:30  INFO 24828 --- [restartedMain] org.hibernate.Version                    : HHH000412: Hibernate ORM core version 6.2.13.Final
2023-11-21T11:20:49.493+05:30  INFO 24828 --- [restartedMain] org.hibernate.cfg.Environment            : HHH000406: Using bytecode reflection optimizer
2023-11-21T11:20:49.955+05:30  INFO 24828 --- [restartedMain] o.s.o.j.p.SpringPersistenceUnitInfo      : No LoadTimeWeaver setup: ignoring JPA class transformer
2023-11-21T11:20:50.008+05:30  INFO 24828 --- [restartedMain] com.zaxxer.hikari.HikariDataSource       : HikariPool-1 - Starting...
2023-11-21T11:20:50.424+05:30  INFO 24828 --- [restartedMain] com.zaxxer.hikari.pool.HikariPool        : HikariPool-1 - Added connection com.mysql.cj.jdbc.ConnectionImpl@4107a090
2023-11-21T11:20:50.427+05:30  INFO 24828 --- [restartedMain] com.zaxxer.hikari.HikariDataSource       : HikariPool-1 - Start completed.
2023-11-21T11:20:50.514+05:30  WARN 24828 --- [restartedMain] org.hibernate.orm.deprecation            : HHH90000025: MySQL8Dialect does not need to be specified explicitly using 'hibernate.dialect' (remove the property setting and it will be selected by default)
2023-11-21T11:20:50.519+05:30  WARN 24828 --- [restartedMain] org.hibernate.orm.deprecation            : HHH90000026: MySQL8Dialect has been deprecated; use org.hibernate.dialect.MySQLDialect instead
2023-11-21T11:20:51.673+05:30  INFO 24828 --- [restartedMain] o.h.e.t.j.p.i.JtaPlatformInitiator       : HHH000489: No JTA platform available (set 'hibernate.transaction.jta.platform' to enable JTA platform integration)
2023-11-21T11:20:51.761+05:30  INFO 24828 --- [restartedMain] j.LocalContainerEntityManagerFactoryBean : Initialized JPA EntityManagerFactory for persistence unit 'default'
2023-11-21T11:20:52.170+05:30  INFO 24828 --- [restartedMain] o.s.d.j.r.query.QueryEnhancerFactory     : Hibernate is in classpath; If applicable, HQL parser will be used.
2023-11-21T11:20:52.778+05:30  WARN 24828 --- [restartedMain] JpaBaseConfiguration$JpaWebConfiguration : spring.jpa.open-in-view is enabled by default. Therefore, database queries may be performed during view rendering. Explicitly configure spring.jpa.open-in-view to disable this warning
2023-11-21T11:20:53.014+05:30  INFO 24828 --- [restartedMain] o.s.b.a.w.s.WelcomePageHandlerMapping    : Adding welcome page template: index
2023-11-21T11:20:53.372+05:30  WARN 24828 --- [restartedMain] o.s.b.d.a.OptionalLiveReloadServer       : Unable to start LiveReload server
2023-11-21T11:20:53.418+05:30  WARN 24828 --- [restartedMain] ConfigServletWebServerApplicationContext : Exception encountered during context initialization - cancelling refresh attempt: org.springframework.context.ApplicationContextException: Failed to start bean 'webServerStartStop'
2023-11-21T11:20:53.421+05:30  INFO 24828 --- [restartedMain] j.LocalContainerEntityManagerFactoryBean : Closing JPA EntityManagerFactory for persistence unit 'default'
2023-11-21T11:20:53.428+05:30  INFO 24828 --- [restartedMain] com.zaxxer.hikari.HikariDataSource       : HikariPool-1 - Shutdown initiated...
2023-11-21T11:20:53.443+05:30  INFO 24828 --- [restartedMain] com.zaxxer.hikari.HikariDataSource       : HikariPool-1 - Shutdown completed.
2023-11-21T11:20:53.448+05:30  INFO 24828 --- [restartedMain] o.apache.catalina.core.StandardService   : Stopping service [Tomcat]
2023-11-21T11:20:53.487+05:30  INFO 24828 --- [restartedMain] .s.b.a.l.ConditionEvaluationReportLogger : 

Error starting ApplicationContext. To display the condition evaluation report re-run your application with 'debug' enabled.
2023-11-21T11:20:53.526+05:30 ERROR 24828 --- [restartedMain] o.s.b.d.LoggingFailureAnalysisReporter   : 

***************************
APPLICATION FAILED TO START
***************************

Description:

Web server failed to start. Port 9090 was already in use.

Action:

Identify and stop the process that's listening on port 9090 or configure this application to listen on another port.

2023-11-21T11:21:02.705+05:30  INFO 18256 --- [RMI TCP Connection(160)-127.0.0.1] inMXBeanRegistrar$SpringApplicationAdmin : Application shutdown requested.
2023-11-21T11:21:02.725+05:30  INFO 18256 --- [RMI TCP Connection(160)-127.0.0.1] o.apache.catalina.core.StandardService   : Stopping service [Tomcat]
2023-11-21T11:21:02.731+05:30  INFO 18256 --- [RMI TCP Connection(160)-127.0.0.1] j.LocalContainerEntityManagerFactoryBean : Closing JPA EntityManagerFactory for persistence unit 'default'
2023-11-21T11:21:02.732+05:30  INFO 18256 --- [RMI TCP Connection(160)-127.0.0.1] com.zaxxer.hikari.HikariDataSource       : HikariPool-3 - Shutdown initiated...
2023-11-21T11:21:02.741+05:30  INFO 18256 --- [RMI TCP Connection(160)-127.0.0.1] com.zaxxer.hikari.HikariDataSource       : HikariPool-3 - Shutdown completed.
2023-11-21T11:21:41.767+05:30  INFO 12336 --- [restartedMain] c.p.BirthdayReminderAppApplication       : Starting BirthdayReminderAppApplication using Java 17.0.9 with PID 12336 (D:\BirthdaayApp\BirthdayReminderApp\BirthdayReminderApp\target\classes started by ashishw in D:\BirthdaayApp\BirthdayReminderApp\BirthdayReminderApp)
2023-11-21T11:21:41.771+05:30  INFO 12336 --- [restartedMain] c.p.BirthdayReminderAppApplication       : No active profile set, falling back to 1 default profile: "default"
2023-11-21T11:21:41.853+05:30  INFO 12336 --- [restartedMain] .e.DevToolsPropertyDefaultsPostProcessor : Devtools property defaults active! Set 'spring.devtools.add-properties' to 'false' to disable
2023-11-21T11:21:41.853+05:30  INFO 12336 --- [restartedMain] .e.DevToolsPropertyDefaultsPostProcessor : For additional web related logging consider setting the 'logging.level.web' property to 'DEBUG'
2023-11-21T11:21:42.737+05:30  INFO 12336 --- [restartedMain] .s.d.r.c.RepositoryConfigurationDelegate : Bootstrapping Spring Data JPA repositories in DEFAULT mode.
2023-11-21T11:21:42.825+05:30  INFO 12336 --- [restartedMain] .s.d.r.c.RepositoryConfigurationDelegate : Finished Spring Data repository scanning in 78 ms. Found 1 JPA repository interfaces.
2023-11-21T11:21:43.707+05:30  INFO 12336 --- [restartedMain] o.s.b.w.embedded.tomcat.TomcatWebServer  : Tomcat initialized with port(s): 9090 (http)
2023-11-21T11:21:43.719+05:30  INFO 12336 --- [restartedMain] o.apache.catalina.core.StandardService   : Starting service [Tomcat]
2023-11-21T11:21:43.719+05:30  INFO 12336 --- [restartedMain] o.apache.catalina.core.StandardEngine    : Starting Servlet engine: [Apache Tomcat/10.1.15]
2023-11-21T11:21:43.824+05:30  INFO 12336 --- [restartedMain] o.a.c.c.C.[Tomcat].[localhost].[/]       : Initializing Spring embedded WebApplicationContext
2023-11-21T11:21:43.825+05:30  INFO 12336 --- [restartedMain] w.s.c.ServletWebServerApplicationContext : Root WebApplicationContext: initialization completed in 1970 ms
2023-11-21T11:21:44.032+05:30  INFO 12336 --- [restartedMain] o.hibernate.jpa.internal.util.LogHelper  : HHH000204: Processing PersistenceUnitInfo [name: default]
2023-11-21T11:21:44.106+05:30  INFO 12336 --- [restartedMain] org.hibernate.Version                    : HHH000412: Hibernate ORM core version 6.2.13.Final
2023-11-21T11:21:44.109+05:30  INFO 12336 --- [restartedMain] org.hibernate.cfg.Environment            : HHH000406: Using bytecode reflection optimizer
2023-11-21T11:21:44.464+05:30  INFO 12336 --- [restartedMain] o.s.o.j.p.SpringPersistenceUnitInfo      : No LoadTimeWeaver setup: ignoring JPA class transformer
2023-11-21T11:21:44.508+05:30  INFO 12336 --- [restartedMain] com.zaxxer.hikari.HikariDataSource       : HikariPool-1 - Starting...
2023-11-21T11:21:44.944+05:30  INFO 12336 --- [restartedMain] com.zaxxer.hikari.pool.HikariPool        : HikariPool-1 - Added connection com.mysql.cj.jdbc.ConnectionImpl@5d91503
2023-11-21T11:21:44.948+05:30  INFO 12336 --- [restartedMain] com.zaxxer.hikari.HikariDataSource       : HikariPool-1 - Start completed.
2023-11-21T11:21:45.031+05:30  WARN 12336 --- [restartedMain] org.hibernate.orm.deprecation            : HHH90000025: MySQL8Dialect does not need to be specified explicitly using 'hibernate.dialect' (remove the property setting and it will be selected by default)
2023-11-21T11:21:45.035+05:30  WARN 12336 --- [restartedMain] org.hibernate.orm.deprecation            : HHH90000026: MySQL8Dialect has been deprecated; use org.hibernate.dialect.MySQLDialect instead
2023-11-21T11:21:46.116+05:30  INFO 12336 --- [restartedMain] o.h.e.t.j.p.i.JtaPlatformInitiator       : HHH000489: No JTA platform available (set 'hibernate.transaction.jta.platform' to enable JTA platform integration)
2023-11-21T11:21:46.206+05:30  INFO 12336 --- [restartedMain] j.LocalContainerEntityManagerFactoryBean : Initialized JPA EntityManagerFactory for persistence unit 'default'
2023-11-21T11:21:46.568+05:30  INFO 12336 --- [restartedMain] o.s.d.j.r.query.QueryEnhancerFactory     : Hibernate is in classpath; If applicable, HQL parser will be used.
2023-11-21T11:21:47.104+05:30  WARN 12336 --- [restartedMain] JpaBaseConfiguration$JpaWebConfiguration : spring.jpa.open-in-view is enabled by default. Therefore, database queries may be performed during view rendering. Explicitly configure spring.jpa.open-in-view to disable this warning
2023-11-21T11:21:47.333+05:30  INFO 12336 --- [restartedMain] o.s.b.a.w.s.WelcomePageHandlerMapping    : Adding welcome page template: index
2023-11-21T11:21:47.639+05:30  INFO 12336 --- [restartedMain] o.s.b.d.a.OptionalLiveReloadServer       : LiveReload server is running on port 35729
2023-11-21T11:21:47.742+05:30  INFO 12336 --- [restartedMain] o.s.b.w.embedded.tomcat.TomcatWebServer  : Tomcat started on port(s): 9090 (http) with context path ''
2023-11-21T11:21:47.757+05:30  INFO 12336 --- [restartedMain] c.p.BirthdayReminderAppApplication       : Started BirthdayReminderAppApplication in 6.563 seconds (process running for 7.808)
2023-11-21T11:23:05.613+05:30  INFO 12336 --- [http-nio-9090-exec-1] o.a.c.c.C.[Tomcat].[localhost].[/]       : Initializing Spring DispatcherServlet 'dispatcherServlet'
2023-11-21T11:23:05.613+05:30  INFO 12336 --- [http-nio-9090-exec-1] o.s.web.servlet.DispatcherServlet        : Initializing Servlet 'dispatcherServlet'
2023-11-21T11:23:05.625+05:30  INFO 12336 --- [http-nio-9090-exec-1] o.s.web.servlet.DispatcherServlet        : Completed initialization in 12 ms
2023-11-21T11:27:08.681+05:30  INFO 12336 --- [File Watcher] rtingClassPathChangeChangedEventListener : Restarting due to 3 class path changes (0 additions, 0 deletions, 3 modifications)
2023-11-21T11:27:08.840+05:30  INFO 12336 --- [Thread-5] o.apache.catalina.core.StandardService   : Stopping service [Tomcat]
2023-11-21T11:27:08.843+05:30  INFO 12336 --- [Thread-5] o.a.c.c.C.[Tomcat].[localhost].[/]       : Destroying Spring FrameworkServlet 'dispatcherServlet'
2023-11-21T11:27:08.873+05:30  INFO 12336 --- [Thread-5] j.LocalContainerEntityManagerFactoryBean : Closing JPA EntityManagerFactory for persistence unit 'default'
2023-11-21T11:27:08.890+05:30  INFO 12336 --- [Thread-5] com.zaxxer.hikari.HikariDataSource       : HikariPool-1 - Shutdown initiated...
2023-11-21T11:27:09.183+05:30  INFO 12336 --- [Thread-5] com.zaxxer.hikari.HikariDataSource       : HikariPool-1 - Shutdown completed.
2023-11-21T11:28:22.353+05:30  INFO 12336 --- [restartedMain] c.p.BirthdayReminderAppApplication       : Starting BirthdayReminderAppApplication using Java 17.0.9 with PID 12336 (D:\BirthdaayApp\BirthdayReminderApp\BirthdayReminderApp\target\classes started by ashishw in D:\BirthdaayApp\BirthdayReminderApp\BirthdayReminderApp)
2023-11-21T11:28:22.353+05:30  INFO 12336 --- [restartedMain] c.p.BirthdayReminderAppApplication       : No active profile set, falling back to 1 default profile: "default"
2023-11-21T11:28:22.568+05:30  INFO 12336 --- [restartedMain] .s.d.r.c.RepositoryConfigurationDelegate : Bootstrapping Spring Data JPA repositories in DEFAULT mode.
2023-11-21T11:28:22.594+05:30  INFO 12336 --- [restartedMain] .s.d.r.c.RepositoryConfigurationDelegate : Finished Spring Data repository scanning in 25 ms. Found 1 JPA repository interfaces.
2023-11-21T11:28:22.722+05:30  INFO 12336 --- [restartedMain] o.s.b.w.embedded.tomcat.TomcatWebServer  : Tomcat initialized with port(s): 9090 (http)
2023-11-21T11:28:22.723+05:30  INFO 12336 --- [restartedMain] o.apache.catalina.core.StandardService   : Starting service [Tomcat]
2023-11-21T11:28:22.723+05:30  INFO 12336 --- [restartedMain] o.apache.catalina.core.StandardEngine    : Starting Servlet engine: [Apache Tomcat/10.1.15]
2023-11-21T11:28:22.766+05:30  INFO 12336 --- [restartedMain] o.a.c.c.C.[Tomcat].[localhost].[/]       : Initializing Spring embedded WebApplicationContext
2023-11-21T11:28:22.766+05:30  INFO 12336 --- [restartedMain] w.s.c.ServletWebServerApplicationContext : Root WebApplicationContext: initialization completed in 409 ms
2023-11-21T11:28:22.811+05:30  INFO 12336 --- [restartedMain] o.hibernate.jpa.internal.util.LogHelper  : HHH000204: Processing PersistenceUnitInfo [name: default]
2023-11-21T11:28:22.816+05:30  INFO 12336 --- [restartedMain] o.s.o.j.p.SpringPersistenceUnitInfo      : No LoadTimeWeaver setup: ignoring JPA class transformer
2023-11-21T11:28:22.817+05:30  INFO 12336 --- [restartedMain] com.zaxxer.hikari.HikariDataSource       : HikariPool-3 - Starting...
2023-11-21T11:28:22.836+05:30  INFO 12336 --- [restartedMain] com.zaxxer.hikari.pool.HikariPool        : HikariPool-3 - Added connection com.mysql.cj.jdbc.ConnectionImpl@2fc95ca5
2023-11-21T11:28:22.836+05:30  INFO 12336 --- [restartedMain] com.zaxxer.hikari.HikariDataSource       : HikariPool-3 - Start completed.
2023-11-21T11:28:22.837+05:30  WARN 12336 --- [restartedMain] org.hibernate.orm.deprecation            : HHH90000025: MySQL8Dialect does not need to be specified explicitly using 'hibernate.dialect' (remove the property setting and it will be selected by default)
2023-11-21T11:28:22.838+05:30  WARN 12336 --- [restartedMain] org.hibernate.orm.deprecation            : HHH90000026: MySQL8Dialect has been deprecated; use org.hibernate.dialect.MySQLDialect instead
2023-11-21T11:28:22.876+05:30  INFO 12336 --- [restartedMain] o.h.e.t.j.p.i.JtaPlatformInitiator       : HHH000489: No JTA platform available (set 'hibernate.transaction.jta.platform' to enable JTA platform integration)
2023-11-21T11:28:22.895+05:30  INFO 12336 --- [restartedMain] j.LocalContainerEntityManagerFactoryBean : Initialized JPA EntityManagerFactory for persistence unit 'default'
2023-11-21T11:28:23.002+05:30  WARN 12336 --- [restartedMain] JpaBaseConfiguration$JpaWebConfiguration : spring.jpa.open-in-view is enabled by default. Therefore, database queries may be performed during view rendering. Explicitly configure spring.jpa.open-in-view to disable this warning
2023-11-21T11:28:23.058+05:30  INFO 12336 --- [restartedMain] o.s.b.a.w.s.WelcomePageHandlerMapping    : Adding welcome page template: index
2023-11-21T11:28:23.163+05:30  INFO 12336 --- [restartedMain] o.s.b.d.a.OptionalLiveReloadServer       : LiveReload server is running on port 35729
2023-11-21T11:28:23.180+05:30  INFO 12336 --- [restartedMain] o.s.b.w.embedded.tomcat.TomcatWebServer  : Tomcat started on port(s): 9090 (http) with context path ''
2023-11-21T11:28:23.187+05:30  INFO 12336 --- [restartedMain] c.p.BirthdayReminderAppApplication       : Started BirthdayReminderAppApplication in 0.877 seconds (process running for 403.234)
2023-11-21T11:28:23.191+05:30  INFO 12336 --- [restartedMain] .ConditionEvaluationDeltaLoggingListener : Condition evaluation unchanged
2023-11-21T11:28:29.610+05:30  INFO 12336 --- [File Watcher] rtingClassPathChangeChangedEventListener : Restarting due to 1 class path change (0 additions, 0 deletions, 1 modification)
2023-11-21T11:28:29.634+05:30  INFO 12336 --- [Thread-17] o.apache.catalina.core.StandardService   : Stopping service [Tomcat]
2023-11-21T11:28:29.645+05:30  INFO 12336 --- [Thread-17] j.LocalContainerEntityManagerFactoryBean : Closing JPA EntityManagerFactory for persistence unit 'default'
2023-11-21T11:28:29.648+05:30  INFO 12336 --- [Thread-17] com.zaxxer.hikari.HikariDataSource       : HikariPool-3 - Shutdown initiated...
2023-11-21T11:28:29.662+05:30  INFO 12336 --- [Thread-17] com.zaxxer.hikari.HikariDataSource       : HikariPool-3 - Shutdown completed.
2023-11-21T11:28:29.790+05:30  INFO 12336 --- [restartedMain] c.p.BirthdayReminderAppApplication       : Starting BirthdayReminderAppApplication using Java 17.0.9 with PID 12336 (D:\BirthdaayApp\BirthdayReminderApp\BirthdayReminderApp\target\classes started by ashishw in D:\BirthdaayApp\BirthdayReminderApp\BirthdayReminderApp)
2023-11-21T11:28:29.790+05:30  INFO 12336 --- [restartedMain] c.p.BirthdayReminderAppApplication       : No active profile set, falling back to 1 default profile: "default"
2023-11-21T11:28:29.996+05:30  INFO 12336 --- [restartedMain] .s.d.r.c.RepositoryConfigurationDelegate : Bootstrapping Spring Data JPA repositories in DEFAULT mode.
2023-11-21T11:28:30.013+05:30  INFO 12336 --- [restartedMain] .s.d.r.c.RepositoryConfigurationDelegate : Finished Spring Data repository scanning in 17 ms. Found 1 JPA repository interfaces.
2023-11-21T11:28:30.141+05:30  INFO 12336 --- [restartedMain] o.s.b.w.embedded.tomcat.TomcatWebServer  : Tomcat initialized with port(s): 9090 (http)
2023-11-21T11:28:30.143+05:30  INFO 12336 --- [restartedMain] o.apache.catalina.core.StandardService   : Starting service [Tomcat]
2023-11-21T11:28:30.143+05:30  INFO 12336 --- [restartedMain] o.apache.catalina.core.StandardEngine    : Starting Servlet engine: [Apache Tomcat/10.1.15]
2023-11-21T11:28:30.180+05:30  INFO 12336 --- [restartedMain] o.a.c.c.C.[Tomcat].[localhost].[/]       : Initializing Spring embedded WebApplicationContext
2023-11-21T11:28:30.180+05:30  INFO 12336 --- [restartedMain] w.s.c.ServletWebServerApplicationContext : Root WebApplicationContext: initialization completed in 387 ms
2023-11-21T11:28:30.225+05:30  INFO 12336 --- [restartedMain] o.hibernate.jpa.internal.util.LogHelper  : HHH000204: Processing PersistenceUnitInfo [name: default]
2023-11-21T11:28:30.230+05:30  INFO 12336 --- [restartedMain] o.s.o.j.p.SpringPersistenceUnitInfo      : No LoadTimeWeaver setup: ignoring JPA class transformer
2023-11-21T11:28:30.231+05:30  INFO 12336 --- [restartedMain] com.zaxxer.hikari.HikariDataSource       : HikariPool-4 - Starting...
2023-11-21T11:28:30.264+05:30  INFO 12336 --- [restartedMain] com.zaxxer.hikari.pool.HikariPool        : HikariPool-4 - Added connection com.mysql.cj.jdbc.ConnectionImpl@5103238d
2023-11-21T11:28:30.265+05:30  INFO 12336 --- [restartedMain] com.zaxxer.hikari.HikariDataSource       : HikariPool-4 - Start completed.
2023-11-21T11:28:30.266+05:30  WARN 12336 --- [restartedMain] org.hibernate.orm.deprecation            : HHH90000025: MySQL8Dialect does not need to be specified explicitly using 'hibernate.dialect' (remove the property setting and it will be selected by default)
2023-11-21T11:28:30.267+05:30  WARN 12336 --- [restartedMain] org.hibernate.orm.deprecation            : HHH90000026: MySQL8Dialect has been deprecated; use org.hibernate.dialect.MySQLDialect instead
2023-11-21T11:28:30.292+05:30  INFO 12336 --- [restartedMain] o.h.e.t.j.p.i.JtaPlatformInitiator       : HHH000489: No JTA platform available (set 'hibernate.transaction.jta.platform' to enable JTA platform integration)
2023-11-21T11:28:30.308+05:30  INFO 12336 --- [restartedMain] j.LocalContainerEntityManagerFactoryBean : Initialized JPA EntityManagerFactory for persistence unit 'default'
2023-11-21T11:28:30.399+05:30  WARN 12336 --- [restartedMain] JpaBaseConfiguration$JpaWebConfiguration : spring.jpa.open-in-view is enabled by default. Therefore, database queries may be performed during view rendering. Explicitly configure spring.jpa.open-in-view to disable this warning
2023-11-21T11:28:30.457+05:30  INFO 12336 --- [restartedMain] o.s.b.a.w.s.WelcomePageHandlerMapping    : Adding welcome page template: index
2023-11-21T11:28:30.555+05:30  INFO 12336 --- [restartedMain] o.s.b.d.a.OptionalLiveReloadServer       : LiveReload server is running on port 35729
2023-11-21T11:28:30.570+05:30  INFO 12336 --- [restartedMain] o.s.b.w.embedded.tomcat.TomcatWebServer  : Tomcat started on port(s): 9090 (http) with context path ''
2023-11-21T11:28:30.575+05:30  INFO 12336 --- [restartedMain] c.p.BirthdayReminderAppApplication       : Started BirthdayReminderAppApplication in 0.848 seconds (process running for 410.622)
2023-11-21T11:28:30.578+05:30  INFO 12336 --- [restartedMain] .ConditionEvaluationDeltaLoggingListener : Condition evaluation unchanged
2023-11-21T11:35:28.662+05:30  INFO 12336 --- [File Watcher] rtingClassPathChangeChangedEventListener : Restarting due to 1 class path change (0 additions, 0 deletions, 1 modification)
2023-11-21T11:35:28.680+05:30  INFO 12336 --- [Thread-21] o.apache.catalina.core.StandardService   : Stopping service [Tomcat]
2023-11-21T11:35:28.685+05:30  INFO 12336 --- [Thread-21] j.LocalContainerEntityManagerFactoryBean : Closing JPA EntityManagerFactory for persistence unit 'default'
2023-11-21T11:35:28.686+05:30  INFO 12336 --- [Thread-21] com.zaxxer.hikari.HikariDataSource       : HikariPool-4 - Shutdown initiated...
2023-11-21T11:35:28.697+05:30  INFO 12336 --- [Thread-21] com.zaxxer.hikari.HikariDataSource       : HikariPool-4 - Shutdown completed.
2023-11-21T11:35:28.829+05:30  INFO 12336 --- [restartedMain] c.p.BirthdayReminderAppApplication       : Starting BirthdayReminderAppApplication using Java 17.0.9 with PID 12336 (D:\BirthdaayApp\BirthdayReminderApp\BirthdayReminderApp\target\classes started by ashishw in D:\BirthdaayApp\BirthdayReminderApp\BirthdayReminderApp)
2023-11-21T11:35:28.829+05:30  INFO 12336 --- [restartedMain] c.p.BirthdayReminderAppApplication       : No active profile set, falling back to 1 default profile: "default"
2023-11-21T11:35:28.995+05:30 ERROR 12336 --- [restartedMain] o.s.boot.SpringApplication               : Application run failed

java.lang.IllegalStateException: Error processing condition on org.springframework.boot.autoconfigure.context.PropertyPlaceholderAutoConfiguration.propertySourcesPlaceholderConfigurer
	at org.springframework.boot.autoconfigure.condition.SpringBootCondition.matches(SpringBootCondition.java:60) ~[spring-boot-autoconfigure-3.1.5.jar:3.1.5]
	at org.springframework.context.annotation.ConditionEvaluator.shouldSkip(ConditionEvaluator.java:108) ~[spring-context-6.0.13.jar:6.0.13]
	at org.springframework.context.annotation.ConfigurationClassBeanDefinitionReader.loadBeanDefinitionsForBeanMethod(ConfigurationClassBeanDefinitionReader.java:183) ~[spring-context-6.0.13.jar:6.0.13]
	at org.springframework.context.annotation.ConfigurationClassBeanDefinitionReader.loadBeanDefinitionsForConfigurationClass(ConfigurationClassBeanDefinitionReader.java:144) ~[spring-context-6.0.13.jar:6.0.13]
	at org.springframework.context.annotation.ConfigurationClassBeanDefinitionReader.loadBeanDefinitions(ConfigurationClassBeanDefinitionReader.java:120) ~[spring-context-6.0.13.jar:6.0.13]
	at org.springframework.context.annotation.ConfigurationClassPostProcessor.processConfigBeanDefinitions(ConfigurationClassPostProcessor.java:427) ~[spring-context-6.0.13.jar:6.0.13]
	at org.springframework.context.annotation.ConfigurationClassPostProcessor.postProcessBeanDefinitionRegistry(ConfigurationClassPostProcessor.java:287) ~[spring-context-6.0.13.jar:6.0.13]
	at org.springframework.context.support.PostProcessorRegistrationDelegate.invokeBeanDefinitionRegistryPostProcessors(PostProcessorRegistrationDelegate.java:344) ~[spring-context-6.0.13.jar:6.0.13]
	at org.springframework.context.support.PostProcessorRegistrationDelegate.invokeBeanFactoryPostProcessors(PostProcessorRegistrationDelegate.java:115) ~[spring-context-6.0.13.jar:6.0.13]
	at org.springframework.context.support.AbstractApplicationContext.invokeBeanFactoryPostProcessors(AbstractApplicationContext.java:779) ~[spring-context-6.0.13.jar:6.0.13]
	at org.springframework.context.support.AbstractApplicationContext.refresh(AbstractApplicationContext.java:597) ~[spring-context-6.0.13.jar:6.0.13]
	at org.springframework.boot.web.servlet.context.ServletWebServerApplicationContext.refresh(ServletWebServerApplicationContext.java:146) ~[spring-boot-3.1.5.jar:3.1.5]
	at org.springframework.boot.SpringApplication.refresh(SpringApplication.java:738) ~[spring-boot-3.1.5.jar:3.1.5]
	at org.springframework.boot.SpringApplication.refreshContext(SpringApplication.java:440) ~[spring-boot-3.1.5.jar:3.1.5]
	at org.springframework.boot.SpringApplication.run(SpringApplication.java:316) ~[spring-boot-3.1.5.jar:3.1.5]
	at org.springframework.boot.SpringApplication.run(SpringApplication.java:1306) ~[spring-boot-3.1.5.jar:3.1.5]
	at org.springframework.boot.SpringApplication.run(SpringApplication.java:1295) ~[spring-boot-3.1.5.jar:3.1.5]
	at com.prorigo.BirthdayReminderAppApplication.main(BirthdayReminderAppApplication.java:12) ~[classes/:na]
	at java.base/jdk.internal.reflect.NativeMethodAccessorImpl.invoke0(Native Method) ~[na:na]
	at java.base/jdk.internal.reflect.NativeMethodAccessorImpl.invoke(NativeMethodAccessorImpl.java:77) ~[na:na]
	at java.base/jdk.internal.reflect.DelegatingMethodAccessorImpl.invoke(DelegatingMethodAccessorImpl.java:43) ~[na:na]
	at java.base/java.lang.reflect.Method.invoke(Method.java:568) ~[na:na]
	at org.springframework.boot.devtools.restart.RestartLauncher.run(RestartLauncher.java:50) ~[spring-boot-devtools-3.1.5.jar:3.1.5]
Caused by: java.lang.IllegalStateException: Failed to introspect Class [com.prorigo.config.SwaggerConfig] from ClassLoader [org.springframework.boot.devtools.restart.classloader.RestartClassLoader@731c28d4]
	at org.springframework.util.ReflectionUtils.getDeclaredMethods(ReflectionUtils.java:483) ~[spring-core-6.0.13.jar:6.0.13]
	at org.springframework.util.ReflectionUtils.doWithMethods(ReflectionUtils.java:360) ~[spring-core-6.0.13.jar:6.0.13]
	at org.springframework.util.ReflectionUtils.getUniqueDeclaredMethods(ReflectionUtils.java:417) ~[spring-core-6.0.13.jar:6.0.13]
	at org.springframework.beans.factory.support.AbstractAutowireCapableBeanFactory.lambda$getTypeForFactoryMethod$1(AbstractAutowireCapableBeanFactory.java:748) ~[spring-beans-6.0.13.jar:6.0.13]
	at java.base/java.util.concurrent.ConcurrentHashMap.computeIfAbsent(ConcurrentHashMap.java:1708) ~[na:na]
	at org.springframework.beans.factory.support.AbstractAutowireCapableBeanFactory.getTypeForFactoryMethod(AbstractAutowireCapableBeanFactory.java:747) ~[spring-beans-6.0.13.jar:6.0.13]
	at org.springframework.beans.factory.support.AbstractAutowireCapableBeanFactory.determineTargetType(AbstractAutowireCapableBeanFactory.java:680) ~[spring-beans-6.0.13.jar:6.0.13]
	at org.springframework.beans.factory.support.AbstractAutowireCapableBeanFactory.predictBeanType(AbstractAutowireCapableBeanFactory.java:651) ~[spring-beans-6.0.13.jar:6.0.13]
	at org.springframework.beans.factory.support.AbstractBeanFactory.isFactoryBean(AbstractBeanFactory.java:1630) ~[spring-beans-6.0.13.jar:6.0.13]
	at org.springframework.beans.factory.support.DefaultListableBeanFactory.doGetBeanNamesForType(DefaultListableBeanFactory.java:560) ~[spring-beans-6.0.13.jar:6.0.13]
	at org.springframework.beans.factory.support.DefaultListableBeanFactory.getBeanNamesForType(DefaultListableBeanFactory.java:532) ~[spring-beans-6.0.13.jar:6.0.13]
	at org.springframework.boot.autoconfigure.condition.OnBeanCondition.collectBeanNamesForType(OnBeanCondition.java:246) ~[spring-boot-autoconfigure-3.1.5.jar:3.1.5]
	at org.springframework.boot.autoconfigure.condition.OnBeanCondition.getBeanNamesForType(OnBeanCondition.java:239) ~[spring-boot-autoconfigure-3.1.5.jar:3.1.5]
	at org.springframework.boot.autoconfigure.condition.OnBeanCondition.getBeanNamesForType(OnBeanCondition.java:229) ~[spring-boot-autoconfigure-3.1.5.jar:3.1.5]
	at org.springframework.boot.autoconfigure.condition.OnBeanCondition.getMatchingBeans(OnBeanCondition.java:182) ~[spring-boot-autoconfigure-3.1.5.jar:3.1.5]
	at org.springframework.boot.autoconfigure.condition.OnBeanCondition.getMatchOutcome(OnBeanCondition.java:157) ~[spring-boot-autoconfigure-3.1.5.jar:3.1.5]
	at org.springframework.boot.autoconfigure.condition.SpringBootCondition.matches(SpringBootCondition.java:47) ~[spring-boot-autoconfigure-3.1.5.jar:3.1.5]
	... 22 common frames omitted
Caused by: java.lang.NoClassDefFoundError: io/swagger/v3/oas/models/OpenAPI
	at java.base/java.lang.Class.getDeclaredMethods0(Native Method) ~[na:na]
	at java.base/java.lang.Class.privateGetDeclaredMethods(Class.java:3402) ~[na:na]
	at java.base/java.lang.Class.getDeclaredMethods(Class.java:2504) ~[na:na]
	at org.springframework.util.ReflectionUtils.getDeclaredMethods(ReflectionUtils.java:465) ~[spring-core-6.0.13.jar:6.0.13]
	... 38 common frames omitted
Caused by: java.lang.ClassNotFoundException: io.swagger.v3.oas.models.OpenAPI
	at java.base/jdk.internal.loader.BuiltinClassLoader.loadClass(BuiltinClassLoader.java:641) ~[na:na]
	at java.base/jdk.internal.loader.ClassLoaders$AppClassLoader.loadClass(ClassLoaders.java:188) ~[na:na]
	at java.base/java.lang.ClassLoader.loadClass(ClassLoader.java:525) ~[na:na]
	at java.base/java.lang.Class.forName0(Native Method) ~[na:na]
	at java.base/java.lang.Class.forName(Class.java:467) ~[na:na]
	at org.springframework.boot.devtools.restart.classloader.RestartClassLoader.loadClass(RestartClassLoader.java:121) ~[spring-boot-devtools-3.1.5.jar:3.1.5]
	at java.base/java.lang.ClassLoader.loadClass(ClassLoader.java:525) ~[na:na]
	... 42 common frames omitted

2023-11-21T11:35:28.998+05:30  WARN 12336 --- [restartedMain] o.s.boot.SpringApplication               : Unable to close ApplicationContext

java.lang.IllegalStateException: Failed to introspect Class [com.prorigo.config.SwaggerConfig] from ClassLoader [org.springframework.boot.devtools.restart.classloader.RestartClassLoader@731c28d4]
	at org.springframework.util.ReflectionUtils.getDeclaredMethods(ReflectionUtils.java:483) ~[spring-core-6.0.13.jar:6.0.13]
	at org.springframework.util.ReflectionUtils.doWithMethods(ReflectionUtils.java:360) ~[spring-core-6.0.13.jar:6.0.13]
	at org.springframework.util.ReflectionUtils.getUniqueDeclaredMethods(ReflectionUtils.java:417) ~[spring-core-6.0.13.jar:6.0.13]
	at org.springframework.beans.factory.support.AbstractAutowireCapableBeanFactory.lambda$getTypeForFactoryMethod$1(AbstractAutowireCapableBeanFactory.java:748) ~[spring-beans-6.0.13.jar:6.0.13]
	at java.base/java.util.concurrent.ConcurrentHashMap.computeIfAbsent(ConcurrentHashMap.java:1708) ~[na:na]
	at org.springframework.beans.factory.support.AbstractAutowireCapableBeanFactory.getTypeForFactoryMethod(AbstractAutowireCapableBeanFactory.java:747) ~[spring-beans-6.0.13.jar:6.0.13]
	at org.springframework.beans.factory.support.AbstractAutowireCapableBeanFactory.determineTargetType(AbstractAutowireCapableBeanFactory.java:680) ~[spring-beans-6.0.13.jar:6.0.13]
	at org.springframework.beans.factory.support.AbstractAutowireCapableBeanFactory.predictBeanType(AbstractAutowireCapableBeanFactory.java:651) ~[spring-beans-6.0.13.jar:6.0.13]
	at org.springframework.beans.factory.support.AbstractBeanFactory.isFactoryBean(AbstractBeanFactory.java:1630) ~[spring-beans-6.0.13.jar:6.0.13]
	at org.springframework.beans.factory.support.DefaultListableBeanFactory.doGetBeanNamesForType(DefaultListableBeanFactory.java:560) ~[spring-beans-6.0.13.jar:6.0.13]
	at org.springframework.beans.factory.support.DefaultListableBeanFactory.getBeanNamesForType(DefaultListableBeanFactory.java:532) ~[spring-beans-6.0.13.jar:6.0.13]
	at org.springframework.beans.factory.support.DefaultListableBeanFactory.getBeansOfType(DefaultListableBeanFactory.java:659) ~[spring-beans-6.0.13.jar:6.0.13]
	at org.springframework.beans.factory.support.DefaultListableBeanFactory.getBeansOfType(DefaultListableBeanFactory.java:651) ~[spring-beans-6.0.13.jar:6.0.13]
	at org.springframework.context.support.AbstractApplicationContext.getBeansOfType(AbstractApplicationContext.java:1312) ~[spring-context-6.0.13.jar:6.0.13]
	at org.springframework.boot.SpringApplication.getExitCodeFromMappedException(SpringApplication.java:867) ~[spring-boot-3.1.5.jar:3.1.5]
	at org.springframework.boot.SpringApplication.getExitCodeFromException(SpringApplication.java:855) ~[spring-boot-3.1.5.jar:3.1.5]
	at org.springframework.boot.SpringApplication.handleExitCode(SpringApplication.java:842) ~[spring-boot-3.1.5.jar:3.1.5]
	at org.springframework.boot.SpringApplication.handleRunFailure(SpringApplication.java:782) ~[spring-boot-3.1.5.jar:3.1.5]
	at org.springframework.boot.SpringApplication.run(SpringApplication.java:329) ~[spring-boot-3.1.5.jar:3.1.5]
	at org.springframework.boot.SpringApplication.run(SpringApplication.java:1306) ~[spring-boot-3.1.5.jar:3.1.5]
	at org.springframework.boot.SpringApplication.run(SpringApplication.java:1295) ~[spring-boot-3.1.5.jar:3.1.5]
	at com.prorigo.BirthdayReminderAppApplication.main(BirthdayReminderAppApplication.java:12) ~[classes/:na]
	at java.base/jdk.internal.reflect.NativeMethodAccessorImpl.invoke0(Native Method) ~[na:na]
	at java.base/jdk.internal.reflect.NativeMethodAccessorImpl.invoke(NativeMethodAccessorImpl.java:77) ~[na:na]
	at java.base/jdk.internal.reflect.DelegatingMethodAccessorImpl.invoke(DelegatingMethodAccessorImpl.java:43) ~[na:na]
	at java.base/java.lang.reflect.Method.invoke(Method.java:568) ~[na:na]
	at org.springframework.boot.devtools.restart.RestartLauncher.run(RestartLauncher.java:50) ~[spring-boot-devtools-3.1.5.jar:3.1.5]
Caused by: java.lang.NoClassDefFoundError: io/swagger/v3/oas/models/OpenAPI
	at java.base/java.lang.Class.getDeclaredMethods0(Native Method) ~[na:na]
	at java.base/java.lang.Class.privateGetDeclaredMethods(Class.java:3402) ~[na:na]
	at java.base/java.lang.Class.getDeclaredMethods(Class.java:2504) ~[na:na]
	at org.springframework.util.ReflectionUtils.getDeclaredMethods(ReflectionUtils.java:465) ~[spring-core-6.0.13.jar:6.0.13]
	... 26 common frames omitted
Caused by: java.lang.ClassNotFoundException: io.swagger.v3.oas.models.OpenAPI
	at java.base/jdk.internal.loader.BuiltinClassLoader.loadClass(BuiltinClassLoader.java:641) ~[na:na]
	at java.base/jdk.internal.loader.ClassLoaders$AppClassLoader.loadClass(ClassLoaders.java:188) ~[na:na]
	at java.base/java.lang.ClassLoader.loadClass(ClassLoader.java:525) ~[na:na]
	at java.base/java.lang.Class.forName0(Native Method) ~[na:na]
	at java.base/java.lang.Class.forName(Class.java:467) ~[na:na]
	at org.springframework.boot.devtools.restart.classloader.RestartClassLoader.loadClass(RestartClassLoader.java:121) ~[spring-boot-devtools-3.1.5.jar:3.1.5]
	at java.base/java.lang.ClassLoader.loadClass(ClassLoader.java:525) ~[na:na]
	... 30 common frames omitted

2023-11-21T11:36:39.943+05:30  INFO 12336 --- [restartedMain] .e.DevToolsPropertyDefaultsPostProcessor : Devtools property defaults active! Set 'spring.devtools.add-properties' to 'false' to disable
2023-11-21T11:36:39.943+05:30  INFO 12336 --- [restartedMain] .e.DevToolsPropertyDefaultsPostProcessor : For additional web related logging consider setting the 'logging.level.web' property to 'DEBUG'
2023-11-21T11:36:39.947+05:30  INFO 12336 --- [restartedMain] c.p.BirthdayReminderAppApplication       : Starting BirthdayReminderAppApplication using Java 17.0.9 with PID 12336 (D:\BirthdaayApp\BirthdayReminderApp\BirthdayReminderApp\target\classes started by ashishw in D:\BirthdaayApp\BirthdayReminderApp\BirthdayReminderApp)
2023-11-21T11:36:39.948+05:30  INFO 12336 --- [restartedMain] c.p.BirthdayReminderAppApplication       : No active profile set, falling back to 1 default profile: "default"
2023-11-21T11:36:40.126+05:30 ERROR 12336 --- [restartedMain] o.s.boot.SpringApplication               : Application run failed

java.lang.IllegalStateException: Error processing condition on org.springframework.boot.autoconfigure.context.PropertyPlaceholderAutoConfiguration.propertySourcesPlaceholderConfigurer
	at org.springframework.boot.autoconfigure.condition.SpringBootCondition.matches(SpringBootCondition.java:60) ~[spring-boot-autoconfigure-3.1.5.jar:3.1.5]
	at org.springframework.context.annotation.ConditionEvaluator.shouldSkip(ConditionEvaluator.java:108) ~[spring-context-6.0.13.jar:6.0.13]
	at org.springframework.context.annotation.ConfigurationClassBeanDefinitionReader.loadBeanDefinitionsForBeanMethod(ConfigurationClassBeanDefinitionReader.java:183) ~[spring-context-6.0.13.jar:6.0.13]
	at org.springframework.context.annotation.ConfigurationClassBeanDefinitionReader.loadBeanDefinitionsForConfigurationClass(ConfigurationClassBeanDefinitionReader.java:144) ~[spring-context-6.0.13.jar:6.0.13]
	at org.springframework.context.annotation.ConfigurationClassBeanDefinitionReader.loadBeanDefinitions(ConfigurationClassBeanDefinitionReader.java:120) ~[spring-context-6.0.13.jar:6.0.13]
	at org.springframework.context.annotation.ConfigurationClassPostProcessor.processConfigBeanDefinitions(ConfigurationClassPostProcessor.java:427) ~[spring-context-6.0.13.jar:6.0.13]
	at org.springframework.context.annotation.ConfigurationClassPostProcessor.postProcessBeanDefinitionRegistry(ConfigurationClassPostProcessor.java:287) ~[spring-context-6.0.13.jar:6.0.13]
	at org.springframework.context.support.PostProcessorRegistrationDelegate.invokeBeanDefinitionRegistryPostProcessors(PostProcessorRegistrationDelegate.java:344) ~[spring-context-6.0.13.jar:6.0.13]
	at org.springframework.context.support.PostProcessorRegistrationDelegate.invokeBeanFactoryPostProcessors(PostProcessorRegistrationDelegate.java:115) ~[spring-context-6.0.13.jar:6.0.13]
	at org.springframework.context.support.AbstractApplicationContext.invokeBeanFactoryPostProcessors(AbstractApplicationContext.java:779) ~[spring-context-6.0.13.jar:6.0.13]
	at org.springframework.context.support.AbstractApplicationContext.refresh(AbstractApplicationContext.java:597) ~[spring-context-6.0.13.jar:6.0.13]
	at org.springframework.boot.web.servlet.context.ServletWebServerApplicationContext.refresh(ServletWebServerApplicationContext.java:146) ~[spring-boot-3.1.5.jar:3.1.5]
	at org.springframework.boot.SpringApplication.refresh(SpringApplication.java:738) ~[spring-boot-3.1.5.jar:3.1.5]
	at org.springframework.boot.SpringApplication.refreshContext(SpringApplication.java:440) ~[spring-boot-3.1.5.jar:3.1.5]
	at org.springframework.boot.SpringApplication.run(SpringApplication.java:316) ~[spring-boot-3.1.5.jar:3.1.5]
	at org.springframework.boot.SpringApplication.run(SpringApplication.java:1306) ~[spring-boot-3.1.5.jar:3.1.5]
	at org.springframework.boot.SpringApplication.run(SpringApplication.java:1295) ~[spring-boot-3.1.5.jar:3.1.5]
	at com.prorigo.BirthdayReminderAppApplication.main(BirthdayReminderAppApplication.java:12) ~[classes/:na]
	at java.base/jdk.internal.reflect.NativeMethodAccessorImpl.invoke0(Native Method) ~[na:na]
	at java.base/jdk.internal.reflect.NativeMethodAccessorImpl.invoke(NativeMethodAccessorImpl.java:77) ~[na:na]
	at java.base/jdk.internal.reflect.DelegatingMethodAccessorImpl.invoke(DelegatingMethodAccessorImpl.java:43) ~[na:na]
	at java.base/java.lang.reflect.Method.invoke(Method.java:568) ~[na:na]
	at org.springframework.boot.devtools.restart.RestartLauncher.run(RestartLauncher.java:50) ~[spring-boot-devtools-3.1.5.jar:3.1.5]
Caused by: java.lang.IllegalStateException: Failed to introspect Class [com.prorigo.config.SwaggerConfig] from ClassLoader [org.springframework.boot.devtools.restart.classloader.RestartClassLoader@2680daba]
	at org.springframework.util.ReflectionUtils.getDeclaredMethods(ReflectionUtils.java:483) ~[spring-core-6.0.13.jar:6.0.13]
	at org.springframework.util.ReflectionUtils.doWithMethods(ReflectionUtils.java:360) ~[spring-core-6.0.13.jar:6.0.13]
	at org.springframework.util.ReflectionUtils.getUniqueDeclaredMethods(ReflectionUtils.java:417) ~[spring-core-6.0.13.jar:6.0.13]
	at org.springframework.beans.factory.support.AbstractAutowireCapableBeanFactory.lambda$getTypeForFactoryMethod$1(AbstractAutowireCapableBeanFactory.java:748) ~[spring-beans-6.0.13.jar:6.0.13]
	at java.base/java.util.concurrent.ConcurrentHashMap.computeIfAbsent(ConcurrentHashMap.java:1708) ~[na:na]
	at org.springframework.beans.factory.support.AbstractAutowireCapableBeanFactory.getTypeForFactoryMethod(AbstractAutowireCapableBeanFactory.java:747) ~[spring-beans-6.0.13.jar:6.0.13]
	at org.springframework.beans.factory.support.AbstractAutowireCapableBeanFactory.determineTargetType(AbstractAutowireCapableBeanFactory.java:680) ~[spring-beans-6.0.13.jar:6.0.13]
	at org.springframework.beans.factory.support.AbstractAutowireCapableBeanFactory.predictBeanType(AbstractAutowireCapableBeanFactory.java:651) ~[spring-beans-6.0.13.jar:6.0.13]
	at org.springframework.beans.factory.support.AbstractBeanFactory.isFactoryBean(AbstractBeanFactory.java:1630) ~[spring-beans-6.0.13.jar:6.0.13]
	at org.springframework.beans.factory.support.DefaultListableBeanFactory.doGetBeanNamesForType(DefaultListableBeanFactory.java:560) ~[spring-beans-6.0.13.jar:6.0.13]
	at org.springframework.beans.factory.support.DefaultListableBeanFactory.getBeanNamesForType(DefaultListableBeanFactory.java:532) ~[spring-beans-6.0.13.jar:6.0.13]
	at org.springframework.boot.autoconfigure.condition.OnBeanCondition.collectBeanNamesForType(OnBeanCondition.java:246) ~[spring-boot-autoconfigure-3.1.5.jar:3.1.5]
	at org.springframework.boot.autoconfigure.condition.OnBeanCondition.getBeanNamesForType(OnBeanCondition.java:239) ~[spring-boot-autoconfigure-3.1.5.jar:3.1.5]
	at org.springframework.boot.autoconfigure.condition.OnBeanCondition.getBeanNamesForType(OnBeanCondition.java:229) ~[spring-boot-autoconfigure-3.1.5.jar:3.1.5]
	at org.springframework.boot.autoconfigure.condition.OnBeanCondition.getMatchingBeans(OnBeanCondition.java:182) ~[spring-boot-autoconfigure-3.1.5.jar:3.1.5]
	at org.springframework.boot.autoconfigure.condition.OnBeanCondition.getMatchOutcome(OnBeanCondition.java:157) ~[spring-boot-autoconfigure-3.1.5.jar:3.1.5]
	at org.springframework.boot.autoconfigure.condition.SpringBootCondition.matches(SpringBootCondition.java:47) ~[spring-boot-autoconfigure-3.1.5.jar:3.1.5]
	... 22 common frames omitted
Caused by: java.lang.NoClassDefFoundError: io/swagger/v3/oas/models/OpenAPI
	at java.base/java.lang.Class.getDeclaredMethods0(Native Method) ~[na:na]
	at java.base/java.lang.Class.privateGetDeclaredMethods(Class.java:3402) ~[na:na]
	at java.base/java.lang.Class.getDeclaredMethods(Class.java:2504) ~[na:na]
	at org.springframework.util.ReflectionUtils.getDeclaredMethods(ReflectionUtils.java:465) ~[spring-core-6.0.13.jar:6.0.13]
	... 38 common frames omitted
Caused by: java.lang.ClassNotFoundException: io.swagger.v3.oas.models.OpenAPI
	at java.base/jdk.internal.loader.BuiltinClassLoader.loadClass(BuiltinClassLoader.java:641) ~[na:na]
	at java.base/jdk.internal.loader.ClassLoaders$AppClassLoader.loadClass(ClassLoaders.java:188) ~[na:na]
	at java.base/java.lang.ClassLoader.loadClass(ClassLoader.java:525) ~[na:na]
	at java.base/java.lang.Class.forName0(Native Method) ~[na:na]
	at java.base/java.lang.Class.forName(Class.java:467) ~[na:na]
	at org.springframework.boot.devtools.restart.classloader.RestartClassLoader.loadClass(RestartClassLoader.java:121) ~[spring-boot-devtools-3.1.5.jar:3.1.5]
	at java.base/java.lang.ClassLoader.loadClass(ClassLoader.java:525) ~[na:na]
	... 42 common frames omitted

2023-11-21T11:36:40.129+05:30  WARN 12336 --- [restartedMain] o.s.boot.SpringApplication               : Unable to close ApplicationContext

java.lang.IllegalStateException: Failed to introspect Class [com.prorigo.config.SwaggerConfig] from ClassLoader [org.springframework.boot.devtools.restart.classloader.RestartClassLoader@2680daba]
	at org.springframework.util.ReflectionUtils.getDeclaredMethods(ReflectionUtils.java:483) ~[spring-core-6.0.13.jar:6.0.13]
	at org.springframework.util.ReflectionUtils.doWithMethods(ReflectionUtils.java:360) ~[spring-core-6.0.13.jar:6.0.13]
	at org.springframework.util.ReflectionUtils.getUniqueDeclaredMethods(ReflectionUtils.java:417) ~[spring-core-6.0.13.jar:6.0.13]
	at org.springframework.beans.factory.support.AbstractAutowireCapableBeanFactory.lambda$getTypeForFactoryMethod$1(AbstractAutowireCapableBeanFactory.java:748) ~[spring-beans-6.0.13.jar:6.0.13]
	at java.base/java.util.concurrent.ConcurrentHashMap.computeIfAbsent(ConcurrentHashMap.java:1708) ~[na:na]
	at org.springframework.beans.factory.support.AbstractAutowireCapableBeanFactory.getTypeForFactoryMethod(AbstractAutowireCapableBeanFactory.java:747) ~[spring-beans-6.0.13.jar:6.0.13]
	at org.springframework.beans.factory.support.AbstractAutowireCapableBeanFactory.determineTargetType(AbstractAutowireCapableBeanFactory.java:680) ~[spring-beans-6.0.13.jar:6.0.13]
	at org.springframework.beans.factory.support.AbstractAutowireCapableBeanFactory.predictBeanType(AbstractAutowireCapableBeanFactory.java:651) ~[spring-beans-6.0.13.jar:6.0.13]
	at org.springframework.beans.factory.support.AbstractBeanFactory.isFactoryBean(AbstractBeanFactory.java:1630) ~[spring-beans-6.0.13.jar:6.0.13]
	at org.springframework.beans.factory.support.DefaultListableBeanFactory.doGetBeanNamesForType(DefaultListableBeanFactory.java:560) ~[spring-beans-6.0.13.jar:6.0.13]
	at org.springframework.beans.factory.support.DefaultListableBeanFactory.getBeanNamesForType(DefaultListableBeanFactory.java:532) ~[spring-beans-6.0.13.jar:6.0.13]
	at org.springframework.beans.factory.support.DefaultListableBeanFactory.getBeansOfType(DefaultListableBeanFactory.java:659) ~[spring-beans-6.0.13.jar:6.0.13]
	at org.springframework.beans.factory.support.DefaultListableBeanFactory.getBeansOfType(DefaultListableBeanFactory.java:651) ~[spring-beans-6.0.13.jar:6.0.13]
	at org.springframework.context.support.AbstractApplicationContext.getBeansOfType(AbstractApplicationContext.java:1312) ~[spring-context-6.0.13.jar:6.0.13]
	at org.springframework.boot.SpringApplication.getExitCodeFromMappedException(SpringApplication.java:867) ~[spring-boot-3.1.5.jar:3.1.5]
	at org.springframework.boot.SpringApplication.getExitCodeFromException(SpringApplication.java:855) ~[spring-boot-3.1.5.jar:3.1.5]
	at org.springframework.boot.SpringApplication.handleExitCode(SpringApplication.java:842) ~[spring-boot-3.1.5.jar:3.1.5]
	at org.springframework.boot.SpringApplication.handleRunFailure(SpringApplication.java:782) ~[spring-boot-3.1.5.jar:3.1.5]
	at org.springframework.boot.SpringApplication.run(SpringApplication.java:329) ~[spring-boot-3.1.5.jar:3.1.5]
	at org.springframework.boot.SpringApplication.run(SpringApplication.java:1306) ~[spring-boot-3.1.5.jar:3.1.5]
	at org.springframework.boot.SpringApplication.run(SpringApplication.java:1295) ~[spring-boot-3.1.5.jar:3.1.5]
	at com.prorigo.BirthdayReminderAppApplication.main(BirthdayReminderAppApplication.java:12) ~[classes/:na]
	at java.base/jdk.internal.reflect.NativeMethodAccessorImpl.invoke0(Native Method) ~[na:na]
	at java.base/jdk.internal.reflect.NativeMethodAccessorImpl.invoke(NativeMethodAccessorImpl.java:77) ~[na:na]
	at java.base/jdk.internal.reflect.DelegatingMethodAccessorImpl.invoke(DelegatingMethodAccessorImpl.java:43) ~[na:na]
	at java.base/java.lang.reflect.Method.invoke(Method.java:568) ~[na:na]
	at org.springframework.boot.devtools.restart.RestartLauncher.run(RestartLauncher.java:50) ~[spring-boot-devtools-3.1.5.jar:3.1.5]
Caused by: java.lang.NoClassDefFoundError: io/swagger/v3/oas/models/OpenAPI
	at java.base/java.lang.Class.getDeclaredMethods0(Native Method) ~[na:na]
	at java.base/java.lang.Class.privateGetDeclaredMethods(Class.java:3402) ~[na:na]
	at java.base/java.lang.Class.getDeclaredMethods(Class.java:2504) ~[na:na]
	at org.springframework.util.ReflectionUtils.getDeclaredMethods(ReflectionUtils.java:465) ~[spring-core-6.0.13.jar:6.0.13]
	... 26 common frames omitted
Caused by: java.lang.ClassNotFoundException: io.swagger.v3.oas.models.OpenAPI
	at java.base/jdk.internal.loader.BuiltinClassLoader.loadClass(BuiltinClassLoader.java:641) ~[na:na]
	at java.base/jdk.internal.loader.ClassLoaders$AppClassLoader.loadClass(ClassLoaders.java:188) ~[na:na]
	at java.base/java.lang.ClassLoader.loadClass(ClassLoader.java:525) ~[na:na]
	at java.base/java.lang.Class.forName0(Native Method) ~[na:na]
	at java.base/java.lang.Class.forName(Class.java:467) ~[na:na]
	at org.springframework.boot.devtools.restart.classloader.RestartClassLoader.loadClass(RestartClassLoader.java:121) ~[spring-boot-devtools-3.1.5.jar:3.1.5]
	at java.base/java.lang.ClassLoader.loadClass(ClassLoader.java:525) ~[na:na]
	... 30 common frames omitted

2023-11-21T11:38:25.962+05:30  INFO 15080 --- [restartedMain] c.p.BirthdayReminderAppApplication       : Starting BirthdayReminderAppApplication using Java 17.0.9 with PID 15080 (D:\BirthdaayApp\BirthdayReminderApp\BirthdayReminderApp\target\classes started by ashishw in D:\BirthdaayApp\BirthdayReminderApp\BirthdayReminderApp)
2023-11-21T11:38:25.965+05:30  INFO 15080 --- [restartedMain] c.p.BirthdayReminderAppApplication       : No active profile set, falling back to 1 default profile: "default"
2023-11-21T11:38:26.044+05:30  INFO 15080 --- [restartedMain] .e.DevToolsPropertyDefaultsPostProcessor : Devtools property defaults active! Set 'spring.devtools.add-properties' to 'false' to disable
2023-11-21T11:38:26.046+05:30  INFO 15080 --- [restartedMain] .e.DevToolsPropertyDefaultsPostProcessor : For additional web related logging consider setting the 'logging.level.web' property to 'DEBUG'
2023-11-21T11:38:27.041+05:30  INFO 15080 --- [restartedMain] .s.d.r.c.RepositoryConfigurationDelegate : Bootstrapping Spring Data JPA repositories in DEFAULT mode.
2023-11-21T11:38:27.134+05:30  INFO 15080 --- [restartedMain] .s.d.r.c.RepositoryConfigurationDelegate : Finished Spring Data repository scanning in 82 ms. Found 1 JPA repository interfaces.
2023-11-21T11:38:28.024+05:30  INFO 15080 --- [restartedMain] o.s.b.w.embedded.tomcat.TomcatWebServer  : Tomcat initialized with port(s): 9090 (http)
2023-11-21T11:38:28.039+05:30  INFO 15080 --- [restartedMain] o.apache.catalina.core.StandardService   : Starting service [Tomcat]
2023-11-21T11:38:28.040+05:30  INFO 15080 --- [restartedMain] o.apache.catalina.core.StandardEngine    : Starting Servlet engine: [Apache Tomcat/10.1.15]
2023-11-21T11:38:28.168+05:30  INFO 15080 --- [restartedMain] o.a.c.c.C.[Tomcat].[localhost].[/]       : Initializing Spring embedded WebApplicationContext
2023-11-21T11:38:28.170+05:30  INFO 15080 --- [restartedMain] w.s.c.ServletWebServerApplicationContext : Root WebApplicationContext: initialization completed in 2119 ms
2023-11-21T11:38:28.384+05:30  INFO 15080 --- [restartedMain] o.hibernate.jpa.internal.util.LogHelper  : HHH000204: Processing PersistenceUnitInfo [name: default]
2023-11-21T11:38:28.494+05:30  INFO 15080 --- [restartedMain] org.hibernate.Version                    : HHH000412: Hibernate ORM core version 6.2.13.Final
2023-11-21T11:38:28.498+05:30  INFO 15080 --- [restartedMain] org.hibernate.cfg.Environment            : HHH000406: Using bytecode reflection optimizer
2023-11-21T11:38:28.835+05:30  INFO 15080 --- [restartedMain] o.s.o.j.p.SpringPersistenceUnitInfo      : No LoadTimeWeaver setup: ignoring JPA class transformer
2023-11-21T11:38:28.884+05:30  INFO 15080 --- [restartedMain] com.zaxxer.hikari.HikariDataSource       : HikariPool-1 - Starting...
2023-11-21T11:38:29.312+05:30  INFO 15080 --- [restartedMain] com.zaxxer.hikari.pool.HikariPool        : HikariPool-1 - Added connection com.mysql.cj.jdbc.ConnectionImpl@40943b7e
2023-11-21T11:38:29.316+05:30  INFO 15080 --- [restartedMain] com.zaxxer.hikari.HikariDataSource       : HikariPool-1 - Start completed.
2023-11-21T11:38:29.400+05:30  WARN 15080 --- [restartedMain] org.hibernate.orm.deprecation            : HHH90000025: MySQL8Dialect does not need to be specified explicitly using 'hibernate.dialect' (remove the property setting and it will be selected by default)
2023-11-21T11:38:29.402+05:30  WARN 15080 --- [restartedMain] org.hibernate.orm.deprecation            : HHH90000026: MySQL8Dialect has been deprecated; use org.hibernate.dialect.MySQLDialect instead
2023-11-21T11:38:30.422+05:30  INFO 15080 --- [restartedMain] o.h.e.t.j.p.i.JtaPlatformInitiator       : HHH000489: No JTA platform available (set 'hibernate.transaction.jta.platform' to enable JTA platform integration)
2023-11-21T11:38:30.504+05:30  INFO 15080 --- [restartedMain] j.LocalContainerEntityManagerFactoryBean : Initialized JPA EntityManagerFactory for persistence unit 'default'
2023-11-21T11:38:30.864+05:30  INFO 15080 --- [restartedMain] o.s.d.j.r.query.QueryEnhancerFactory     : Hibernate is in classpath; If applicable, HQL parser will be used.
2023-11-21T11:38:31.448+05:30  WARN 15080 --- [restartedMain] JpaBaseConfiguration$JpaWebConfiguration : spring.jpa.open-in-view is enabled by default. Therefore, database queries may be performed during view rendering. Explicitly configure spring.jpa.open-in-view to disable this warning
2023-11-21T11:38:31.712+05:30  INFO 15080 --- [restartedMain] o.s.b.a.w.s.WelcomePageHandlerMapping    : Adding welcome page template: index
2023-11-21T11:38:32.750+05:30  INFO 15080 --- [restartedMain] o.s.b.d.a.OptionalLiveReloadServer       : LiveReload server is running on port 35729
2023-11-21T11:38:32.825+05:30  INFO 15080 --- [restartedMain] o.s.b.w.embedded.tomcat.TomcatWebServer  : Tomcat started on port(s): 9090 (http) with context path ''
2023-11-21T11:38:32.845+05:30  INFO 15080 --- [restartedMain] c.p.BirthdayReminderAppApplication       : Started BirthdayReminderAppApplication in 7.45 seconds (process running for 8.624)
2023-11-21T11:39:08.036+05:30  INFO 15080 --- [http-nio-9090-exec-1] o.a.c.c.C.[Tomcat].[localhost].[/]       : Initializing Spring DispatcherServlet 'dispatcherServlet'
2023-11-21T11:39:08.037+05:30  INFO 15080 --- [http-nio-9090-exec-1] o.s.web.servlet.DispatcherServlet        : Initializing Servlet 'dispatcherServlet'
2023-11-21T11:39:08.042+05:30  INFO 15080 --- [http-nio-9090-exec-1] o.s.web.servlet.DispatcherServlet        : Completed initialization in 5 ms
2023-11-21T11:39:09.036+05:30  WARN 15080 --- [http-nio-9090-exec-9] ocalVariableTableParameterNameDiscoverer : Using deprecated '-debug' fallback for parameter name resolution. Compile the affected code with '-parameters' instead or avoid its introspection: com.prorigo.restcontroller.FriendRestController
2023-11-21T11:39:09.293+05:30  INFO 15080 --- [http-nio-9090-exec-9] o.springdoc.api.AbstractOpenApiResource  : Init duration for springdoc-openapi is: 657 ms
2023-11-21T16:59:12.898+05:30  INFO 15080 --- [RMI TCP Connection(325)-127.0.0.1] inMXBeanRegistrar$SpringApplicationAdmin : Application shutdown requested.
2023-11-21T16:59:12.980+05:30  INFO 15080 --- [RMI TCP Connection(325)-127.0.0.1] o.apache.catalina.core.StandardService   : Stopping service [Tomcat]
2023-11-21T16:59:12.996+05:30  INFO 15080 --- [RMI TCP Connection(325)-127.0.0.1] o.a.c.c.C.[Tomcat].[localhost].[/]       : Destroying Spring FrameworkServlet 'dispatcherServlet'
2023-11-21T16:59:13.031+05:30  INFO 15080 --- [RMI TCP Connection(325)-127.0.0.1] j.LocalContainerEntityManagerFactoryBean : Closing JPA EntityManagerFactory for persistence unit 'default'
2023-11-21T16:59:13.061+05:30  INFO 15080 --- [RMI TCP Connection(325)-127.0.0.1] com.zaxxer.hikari.HikariDataSource       : HikariPool-1 - Shutdown initiated...
2023-11-21T16:59:13.070+05:30  INFO 15080 --- [RMI TCP Connection(325)-127.0.0.1] com.zaxxer.hikari.HikariDataSource       : HikariPool-1 - Shutdown completed.
