2023-11-20T14:20:33.073+05:30  INFO 4676 --- [restartedMain] c.p.BirthdayReminderAppApplication       : Starting BirthdayReminderAppApplication using Java 17.0.9 with PID 4676 (D:\BirthdaayApp\BirthdayReminderApp\BirthdayReminderApp\target\classes started by ashishw in D:\BirthdaayApp\BirthdayReminderApp\BirthdayReminderApp)
2023-11-20T14:20:33.083+05:30  INFO 4676 --- [restartedMain] c.p.BirthdayReminderAppApplication       : No active profile set, falling back to 1 default profile: "default"
2023-11-20T14:20:33.159+05:30  INFO 4676 --- [restartedMain] .e.DevToolsPropertyDefaultsPostProcessor : Devtools property defaults active! Set 'spring.devtools.add-properties' to 'false' to disable
2023-11-20T14:20:33.161+05:30  INFO 4676 --- [restartedMain] .e.DevToolsPropertyDefaultsPostProcessor : For additional web related logging consider setting the 'logging.level.web' property to 'DEBUG'
2023-11-20T14:20:34.141+05:30  INFO 4676 --- [restartedMain] .s.d.r.c.RepositoryConfigurationDelegate : Bootstrapping Spring Data JPA repositories in DEFAULT mode.
2023-11-20T14:20:34.219+05:30  INFO 4676 --- [restartedMain] .s.d.r.c.RepositoryConfigurationDelegate : Finished Spring Data repository scanning in 66 ms. Found 1 JPA repository interfaces.
2023-11-20T14:20:35.117+05:30  INFO 4676 --- [restartedMain] o.s.b.w.embedded.tomcat.TomcatWebServer  : Tomcat initialized with port(s): 8080 (http)
2023-11-20T14:20:35.132+05:30  INFO 4676 --- [restartedMain] o.apache.catalina.core.StandardService   : Starting service [Tomcat]
2023-11-20T14:20:35.132+05:30  INFO 4676 --- [restartedMain] o.apache.catalina.core.StandardEngine    : Starting Servlet engine: [Apache Tomcat/10.1.15]
2023-11-20T14:20:35.246+05:30  INFO 4676 --- [restartedMain] o.a.c.c.C.[Tomcat].[localhost].[/]       : Initializing Spring embedded WebApplicationContext
2023-11-20T14:20:35.247+05:30  INFO 4676 --- [restartedMain] w.s.c.ServletWebServerApplicationContext : Root WebApplicationContext: initialization completed in 2085 ms
2023-11-20T14:20:35.453+05:30  INFO 4676 --- [restartedMain] o.hibernate.jpa.internal.util.LogHelper  : HHH000204: Processing PersistenceUnitInfo [name: default]
2023-11-20T14:20:35.536+05:30  INFO 4676 --- [restartedMain] org.hibernate.Version                    : HHH000412: Hibernate ORM core version 6.2.13.Final
2023-11-20T14:20:35.541+05:30  INFO 4676 --- [restartedMain] org.hibernate.cfg.Environment            : HHH000406: Using bytecode reflection optimizer
2023-11-20T14:20:35.967+05:30  INFO 4676 --- [restartedMain] o.s.o.j.p.SpringPersistenceUnitInfo      : No LoadTimeWeaver setup: ignoring JPA class transformer
2023-11-20T14:20:36.007+05:30  INFO 4676 --- [restartedMain] com.zaxxer.hikari.HikariDataSource       : HikariPool-1 - Starting...
2023-11-20T14:20:36.351+05:30  INFO 4676 --- [restartedMain] com.zaxxer.hikari.pool.HikariPool        : HikariPool-1 - Added connection com.mysql.cj.jdbc.ConnectionImpl@67dda782
2023-11-20T14:20:36.354+05:30  INFO 4676 --- [restartedMain] com.zaxxer.hikari.HikariDataSource       : HikariPool-1 - Start completed.
2023-11-20T14:20:36.427+05:30  WARN 4676 --- [restartedMain] org.hibernate.orm.deprecation            : HHH90000025: MySQL8Dialect does not need to be specified explicitly using 'hibernate.dialect' (remove the property setting and it will be selected by default)
2023-11-20T14:20:36.429+05:30  WARN 4676 --- [restartedMain] org.hibernate.orm.deprecation            : HHH90000026: MySQL8Dialect has been deprecated; use org.hibernate.dialect.MySQLDialect instead
2023-11-20T14:20:37.459+05:30  INFO 4676 --- [restartedMain] o.h.e.t.j.p.i.JtaPlatformInitiator       : HHH000489: No JTA platform available (set 'hibernate.transaction.jta.platform' to enable JTA platform integration)
2023-11-20T14:20:37.527+05:30  INFO 4676 --- [restartedMain] j.LocalContainerEntityManagerFactoryBean : Initialized JPA EntityManagerFactory for persistence unit 'default'
2023-11-20T14:20:37.826+05:30  INFO 4676 --- [restartedMain] o.s.d.j.r.query.QueryEnhancerFactory     : Hibernate is in classpath; If applicable, HQL parser will be used.
2023-11-20T14:20:38.259+05:30  WARN 4676 --- [restartedMain] JpaBaseConfiguration$JpaWebConfiguration : spring.jpa.open-in-view is enabled by default. Therefore, database queries may be performed during view rendering. Explicitly configure spring.jpa.open-in-view to disable this warning
2023-11-20T14:20:38.468+05:30  INFO 4676 --- [restartedMain] o.s.b.a.w.s.WelcomePageHandlerMapping    : Adding welcome page template: index
2023-11-20T14:20:38.711+05:30  INFO 4676 --- [restartedMain] o.s.b.d.a.OptionalLiveReloadServer       : LiveReload server is running on port 35729
2023-11-20T14:20:38.790+05:30  INFO 4676 --- [restartedMain] o.s.b.w.embedded.tomcat.TomcatWebServer  : Tomcat started on port(s): 8080 (http) with context path ''
2023-11-20T14:20:38.805+05:30  INFO 4676 --- [restartedMain] c.p.BirthdayReminderAppApplication       : Started BirthdayReminderAppApplication in 6.218 seconds (process running for 7.312)
2023-11-20T14:22:07.030+05:30  INFO 4676 --- [http-nio-8080-exec-2] o.a.c.c.C.[Tomcat].[localhost].[/]       : Initializing Spring DispatcherServlet 'dispatcherServlet'
2023-11-20T14:22:07.030+05:30  INFO 4676 --- [http-nio-8080-exec-2] o.s.web.servlet.DispatcherServlet        : Initializing Servlet 'dispatcherServlet'
2023-11-20T14:22:07.040+05:30  INFO 4676 --- [http-nio-8080-exec-2] o.s.web.servlet.DispatcherServlet        : Completed initialization in 10 ms
2023-11-20T14:28:20.119+05:30  INFO 4676 --- [File Watcher] rtingClassPathChangeChangedEventListener : Restarting due to 4 class path changes (0 additions, 0 deletions, 4 modifications)
2023-11-20T14:28:20.180+05:30  INFO 4676 --- [Thread-5] o.apache.catalina.core.StandardService   : Stopping service [Tomcat]
2023-11-20T14:28:20.190+05:30  INFO 4676 --- [Thread-5] o.a.c.c.C.[Tomcat].[localhost].[/]       : Destroying Spring FrameworkServlet 'dispatcherServlet'
2023-11-20T14:28:20.201+05:30  INFO 4676 --- [Thread-5] j.LocalContainerEntityManagerFactoryBean : Closing JPA EntityManagerFactory for persistence unit 'default'
2023-11-20T14:28:20.204+05:30  INFO 4676 --- [Thread-5] com.zaxxer.hikari.HikariDataSource       : HikariPool-1 - Shutdown initiated...
2023-11-20T14:28:20.223+05:30  INFO 4676 --- [Thread-5] com.zaxxer.hikari.HikariDataSource       : HikariPool-1 - Shutdown completed.
2023-11-20T14:28:20.329+05:30  INFO 4676 --- [restartedMain] c.p.BirthdayReminderAppApplication       : Starting BirthdayReminderAppApplication using Java 17.0.9 with PID 4676 (D:\BirthdaayApp\BirthdayReminderApp\BirthdayReminderApp\target\classes started by ashishw in D:\BirthdaayApp\BirthdayReminderApp\BirthdayReminderApp)
2023-11-20T14:28:20.330+05:30  INFO 4676 --- [restartedMain] c.p.BirthdayReminderAppApplication       : No active profile set, falling back to 1 default profile: "default"
2023-11-20T14:28:20.505+05:30  INFO 4676 --- [restartedMain] .s.d.r.c.RepositoryConfigurationDelegate : Bootstrapping Spring Data JPA repositories in DEFAULT mode.
2023-11-20T14:28:20.514+05:30  INFO 4676 --- [restartedMain] .s.d.r.c.RepositoryConfigurationDelegate : Finished Spring Data repository scanning in 8 ms. Found 1 JPA repository interfaces.
2023-11-20T14:28:20.644+05:30  INFO 4676 --- [restartedMain] o.s.b.w.embedded.tomcat.TomcatWebServer  : Tomcat initialized with port(s): 8080 (http)
2023-11-20T14:28:20.645+05:30  INFO 4676 --- [restartedMain] o.apache.catalina.core.StandardService   : Starting service [Tomcat]
2023-11-20T14:28:20.646+05:30  INFO 4676 --- [restartedMain] o.apache.catalina.core.StandardEngine    : Starting Servlet engine: [Apache Tomcat/10.1.15]
2023-11-20T14:28:20.671+05:30  INFO 4676 --- [restartedMain] o.a.c.c.C.[Tomcat].[localhost].[/]       : Initializing Spring embedded WebApplicationContext
2023-11-20T14:28:20.671+05:30  INFO 4676 --- [restartedMain] w.s.c.ServletWebServerApplicationContext : Root WebApplicationContext: initialization completed in 337 ms
2023-11-20T14:28:20.717+05:30  INFO 4676 --- [restartedMain] o.hibernate.jpa.internal.util.LogHelper  : HHH000204: Processing PersistenceUnitInfo [name: default]
2023-11-20T14:28:20.723+05:30  INFO 4676 --- [restartedMain] o.s.o.j.p.SpringPersistenceUnitInfo      : No LoadTimeWeaver setup: ignoring JPA class transformer
2023-11-20T14:28:20.725+05:30  INFO 4676 --- [restartedMain] com.zaxxer.hikari.HikariDataSource       : HikariPool-2 - Starting...
2023-11-20T14:28:20.749+05:30  INFO 4676 --- [restartedMain] com.zaxxer.hikari.pool.HikariPool        : HikariPool-2 - Added connection com.mysql.cj.jdbc.ConnectionImpl@f685260
2023-11-20T14:28:20.750+05:30  INFO 4676 --- [restartedMain] com.zaxxer.hikari.HikariDataSource       : HikariPool-2 - Start completed.
2023-11-20T14:28:20.750+05:30  WARN 4676 --- [restartedMain] org.hibernate.orm.deprecation            : HHH90000025: MySQL8Dialect does not need to be specified explicitly using 'hibernate.dialect' (remove the property setting and it will be selected by default)
2023-11-20T14:28:20.751+05:30  WARN 4676 --- [restartedMain] org.hibernate.orm.deprecation            : HHH90000026: MySQL8Dialect has been deprecated; use org.hibernate.dialect.MySQLDialect instead
2023-11-20T14:28:20.782+05:30  INFO 4676 --- [restartedMain] o.h.e.t.j.p.i.JtaPlatformInitiator       : HHH000489: No JTA platform available (set 'hibernate.transaction.jta.platform' to enable JTA platform integration)
2023-11-20T14:28:20.792+05:30  INFO 4676 --- [restartedMain] j.LocalContainerEntityManagerFactoryBean : Initialized JPA EntityManagerFactory for persistence unit 'default'
2023-11-20T14:28:20.899+05:30  WARN 4676 --- [restartedMain] JpaBaseConfiguration$JpaWebConfiguration : spring.jpa.open-in-view is enabled by default. Therefore, database queries may be performed during view rendering. Explicitly configure spring.jpa.open-in-view to disable this warning
2023-11-20T14:28:20.953+05:30  INFO 4676 --- [restartedMain] o.s.b.a.w.s.WelcomePageHandlerMapping    : Adding welcome page template: index
2023-11-20T14:28:21.030+05:30  INFO 4676 --- [restartedMain] o.s.b.d.a.OptionalLiveReloadServer       : LiveReload server is running on port 35729
2023-11-20T14:28:21.056+05:30  INFO 4676 --- [restartedMain] o.s.b.w.embedded.tomcat.TomcatWebServer  : Tomcat started on port(s): 8080 (http) with context path ''
2023-11-20T14:28:21.061+05:30  INFO 4676 --- [restartedMain] c.p.BirthdayReminderAppApplication       : Started BirthdayReminderAppApplication in 0.783 seconds (process running for 469.566)
2023-11-20T14:28:21.063+05:30  INFO 4676 --- [restartedMain] .ConditionEvaluationDeltaLoggingListener : Condition evaluation unchanged
2023-11-20T14:28:47.573+05:30  INFO 19708 --- [restartedMain] c.p.BirthdayReminderAppApplication       : Starting BirthdayReminderAppApplication using Java 17.0.9 with PID 19708 (D:\BirthdaayApp\BirthdayReminderApp\BirthdayReminderApp\target\classes started by ashishw in D:\BirthdaayApp\BirthdayReminderApp\BirthdayReminderApp)
2023-11-20T14:28:47.576+05:30  INFO 19708 --- [restartedMain] c.p.BirthdayReminderAppApplication       : No active profile set, falling back to 1 default profile: "default"
2023-11-20T14:28:47.641+05:30  INFO 19708 --- [restartedMain] .e.DevToolsPropertyDefaultsPostProcessor : Devtools property defaults active! Set 'spring.devtools.add-properties' to 'false' to disable
2023-11-20T14:28:47.641+05:30  INFO 19708 --- [restartedMain] .e.DevToolsPropertyDefaultsPostProcessor : For additional web related logging consider setting the 'logging.level.web' property to 'DEBUG'
2023-11-20T14:28:48.321+05:30  INFO 19708 --- [restartedMain] .s.d.r.c.RepositoryConfigurationDelegate : Bootstrapping Spring Data JPA repositories in DEFAULT mode.
2023-11-20T14:28:48.395+05:30  INFO 19708 --- [restartedMain] .s.d.r.c.RepositoryConfigurationDelegate : Finished Spring Data repository scanning in 65 ms. Found 1 JPA repository interfaces.
2023-11-20T14:28:49.083+05:30  INFO 19708 --- [restartedMain] o.s.b.w.embedded.tomcat.TomcatWebServer  : Tomcat initialized with port(s): 8080 (http)
2023-11-20T14:28:49.096+05:30  INFO 19708 --- [restartedMain] o.apache.catalina.core.StandardService   : Starting service [Tomcat]
2023-11-20T14:28:49.097+05:30  INFO 19708 --- [restartedMain] o.apache.catalina.core.StandardEngine    : Starting Servlet engine: [Apache Tomcat/10.1.15]
2023-11-20T14:28:49.192+05:30  INFO 19708 --- [restartedMain] o.a.c.c.C.[Tomcat].[localhost].[/]       : Initializing Spring embedded WebApplicationContext
2023-11-20T14:28:49.194+05:30  INFO 19708 --- [restartedMain] w.s.c.ServletWebServerApplicationContext : Root WebApplicationContext: initialization completed in 1551 ms
2023-11-20T14:28:49.351+05:30  INFO 19708 --- [restartedMain] o.hibernate.jpa.internal.util.LogHelper  : HHH000204: Processing PersistenceUnitInfo [name: default]
2023-11-20T14:28:49.407+05:30  INFO 19708 --- [restartedMain] org.hibernate.Version                    : HHH000412: Hibernate ORM core version 6.2.13.Final
2023-11-20T14:28:49.410+05:30  INFO 19708 --- [restartedMain] org.hibernate.cfg.Environment            : HHH000406: Using bytecode reflection optimizer
2023-11-20T14:28:49.678+05:30  INFO 19708 --- [restartedMain] o.s.o.j.p.SpringPersistenceUnitInfo      : No LoadTimeWeaver setup: ignoring JPA class transformer
2023-11-20T14:28:49.714+05:30  INFO 19708 --- [restartedMain] com.zaxxer.hikari.HikariDataSource       : HikariPool-1 - Starting...
2023-11-20T14:28:50.043+05:30  INFO 19708 --- [restartedMain] com.zaxxer.hikari.pool.HikariPool        : HikariPool-1 - Added connection com.mysql.cj.jdbc.ConnectionImpl@3adc50df
2023-11-20T14:28:50.046+05:30  INFO 19708 --- [restartedMain] com.zaxxer.hikari.HikariDataSource       : HikariPool-1 - Start completed.
2023-11-20T14:28:50.099+05:30  WARN 19708 --- [restartedMain] org.hibernate.orm.deprecation            : HHH90000025: MySQL8Dialect does not need to be specified explicitly using 'hibernate.dialect' (remove the property setting and it will be selected by default)
2023-11-20T14:28:50.100+05:30  WARN 19708 --- [restartedMain] org.hibernate.orm.deprecation            : HHH90000026: MySQL8Dialect has been deprecated; use org.hibernate.dialect.MySQLDialect instead
2023-11-20T14:28:50.930+05:30  INFO 19708 --- [restartedMain] o.h.e.t.j.p.i.JtaPlatformInitiator       : HHH000489: No JTA platform available (set 'hibernate.transaction.jta.platform' to enable JTA platform integration)
2023-11-20T14:28:50.989+05:30  INFO 19708 --- [restartedMain] j.LocalContainerEntityManagerFactoryBean : Initialized JPA EntityManagerFactory for persistence unit 'default'
2023-11-20T14:28:51.254+05:30  INFO 19708 --- [restartedMain] o.s.d.j.r.query.QueryEnhancerFactory     : Hibernate is in classpath; If applicable, HQL parser will be used.
2023-11-20T14:28:51.648+05:30  WARN 19708 --- [restartedMain] JpaBaseConfiguration$JpaWebConfiguration : spring.jpa.open-in-view is enabled by default. Therefore, database queries may be performed during view rendering. Explicitly configure spring.jpa.open-in-view to disable this warning
2023-11-20T14:28:51.808+05:30  INFO 19708 --- [restartedMain] o.s.b.a.w.s.WelcomePageHandlerMapping    : Adding welcome page template: index
2023-11-20T14:28:52.014+05:30  WARN 19708 --- [restartedMain] o.s.b.d.a.OptionalLiveReloadServer       : Unable to start LiveReload server
2023-11-20T14:28:52.046+05:30  WARN 19708 --- [restartedMain] ConfigServletWebServerApplicationContext : Exception encountered during context initialization - cancelling refresh attempt: org.springframework.context.ApplicationContextException: Failed to start bean 'webServerStartStop'
2023-11-20T14:28:52.049+05:30  INFO 19708 --- [restartedMain] j.LocalContainerEntityManagerFactoryBean : Closing JPA EntityManagerFactory for persistence unit 'default'
2023-11-20T14:28:52.053+05:30  INFO 19708 --- [restartedMain] com.zaxxer.hikari.HikariDataSource       : HikariPool-1 - Shutdown initiated...
2023-11-20T14:28:52.067+05:30  INFO 19708 --- [restartedMain] com.zaxxer.hikari.HikariDataSource       : HikariPool-1 - Shutdown completed.
2023-11-20T14:28:52.070+05:30  INFO 19708 --- [restartedMain] o.apache.catalina.core.StandardService   : Stopping service [Tomcat]
2023-11-20T14:28:52.089+05:30  INFO 19708 --- [restartedMain] .s.b.a.l.ConditionEvaluationReportLogger : 

Error starting ApplicationContext. To display the condition evaluation report re-run your application with 'debug' enabled.
2023-11-20T14:28:52.124+05:30 ERROR 19708 --- [restartedMain] o.s.b.d.LoggingFailureAnalysisReporter   : 

***************************
APPLICATION FAILED TO START
***************************

Description:

Web server failed to start. Port 8080 was already in use.

Action:

Identify and stop the process that's listening on port 8080 or configure this application to listen on another port.

2023-11-20T14:31:37.450+05:30  INFO 4676 --- [File Watcher] rtingClassPathChangeChangedEventListener : Restarting due to 14 class path changes (0 additions, 0 deletions, 14 modifications)
2023-11-20T14:31:37.468+05:30  INFO 4676 --- [Thread-7] o.apache.catalina.core.StandardService   : Stopping service [Tomcat]
2023-11-20T14:31:37.472+05:30  INFO 4676 --- [Thread-7] j.LocalContainerEntityManagerFactoryBean : Closing JPA EntityManagerFactory for persistence unit 'default'
2023-11-20T14:31:37.473+05:30  INFO 4676 --- [Thread-7] com.zaxxer.hikari.HikariDataSource       : HikariPool-2 - Shutdown initiated...
2023-11-20T14:31:37.482+05:30  INFO 4676 --- [Thread-7] com.zaxxer.hikari.HikariDataSource       : HikariPool-2 - Shutdown completed.
2023-11-20T14:31:37.578+05:30  INFO 4676 --- [restartedMain] c.p.BirthdayReminderAppApplication       : Starting BirthdayReminderAppApplication using Java 17.0.9 with PID 4676 (D:\BirthdaayApp\BirthdayReminderApp\BirthdayReminderApp\target\classes started by ashishw in D:\BirthdaayApp\BirthdayReminderApp\BirthdayReminderApp)
2023-11-20T14:31:37.578+05:30  INFO 4676 --- [restartedMain] c.p.BirthdayReminderAppApplication       : No active profile set, falling back to 1 default profile: "default"
2023-11-20T14:31:37.725+05:30  INFO 4676 --- [restartedMain] .s.d.r.c.RepositoryConfigurationDelegate : Bootstrapping Spring Data JPA repositories in DEFAULT mode.
2023-11-20T14:31:37.742+05:30  INFO 4676 --- [restartedMain] .s.d.r.c.RepositoryConfigurationDelegate : Finished Spring Data repository scanning in 14 ms. Found 1 JPA repository interfaces.
2023-11-20T14:31:37.859+05:30  INFO 4676 --- [restartedMain] o.s.b.w.embedded.tomcat.TomcatWebServer  : Tomcat initialized with port(s): 8080 (http)
2023-11-20T14:31:37.860+05:30  INFO 4676 --- [restartedMain] o.apache.catalina.core.StandardService   : Starting service [Tomcat]
2023-11-20T14:31:37.860+05:30  INFO 4676 --- [restartedMain] o.apache.catalina.core.StandardEngine    : Starting Servlet engine: [Apache Tomcat/10.1.15]
2023-11-20T14:31:37.883+05:30  INFO 4676 --- [restartedMain] o.a.c.c.C.[Tomcat].[localhost].[/]       : Initializing Spring embedded WebApplicationContext
2023-11-20T14:31:37.884+05:30  INFO 4676 --- [restartedMain] w.s.c.ServletWebServerApplicationContext : Root WebApplicationContext: initialization completed in 304 ms
2023-11-20T14:31:37.934+05:30  INFO 4676 --- [restartedMain] o.hibernate.jpa.internal.util.LogHelper  : HHH000204: Processing PersistenceUnitInfo [name: default]
2023-11-20T14:31:37.939+05:30  INFO 4676 --- [restartedMain] o.s.o.j.p.SpringPersistenceUnitInfo      : No LoadTimeWeaver setup: ignoring JPA class transformer
2023-11-20T14:31:37.940+05:30  INFO 4676 --- [restartedMain] com.zaxxer.hikari.HikariDataSource       : HikariPool-3 - Starting...
2023-11-20T14:31:37.956+05:30  INFO 4676 --- [restartedMain] com.zaxxer.hikari.pool.HikariPool        : HikariPool-3 - Added connection com.mysql.cj.jdbc.ConnectionImpl@3b68275
2023-11-20T14:31:37.957+05:30  INFO 4676 --- [restartedMain] com.zaxxer.hikari.HikariDataSource       : HikariPool-3 - Start completed.
2023-11-20T14:31:37.958+05:30  WARN 4676 --- [restartedMain] org.hibernate.orm.deprecation            : HHH90000025: MySQL8Dialect does not need to be specified explicitly using 'hibernate.dialect' (remove the property setting and it will be selected by default)
2023-11-20T14:31:37.958+05:30  WARN 4676 --- [restartedMain] org.hibernate.orm.deprecation            : HHH90000026: MySQL8Dialect has been deprecated; use org.hibernate.dialect.MySQLDialect instead
2023-11-20T14:31:37.980+05:30  INFO 4676 --- [restartedMain] o.h.e.t.j.p.i.JtaPlatformInitiator       : HHH000489: No JTA platform available (set 'hibernate.transaction.jta.platform' to enable JTA platform integration)
2023-11-20T14:31:37.988+05:30  INFO 4676 --- [restartedMain] j.LocalContainerEntityManagerFactoryBean : Initialized JPA EntityManagerFactory for persistence unit 'default'
2023-11-20T14:31:38.058+05:30  WARN 4676 --- [restartedMain] JpaBaseConfiguration$JpaWebConfiguration : spring.jpa.open-in-view is enabled by default. Therefore, database queries may be performed during view rendering. Explicitly configure spring.jpa.open-in-view to disable this warning
2023-11-20T14:31:38.098+05:30  INFO 4676 --- [restartedMain] o.s.b.a.w.s.WelcomePageHandlerMapping    : Adding welcome page template: index
2023-11-20T14:31:38.150+05:30  INFO 4676 --- [restartedMain] o.s.b.d.a.OptionalLiveReloadServer       : LiveReload server is running on port 35729
2023-11-20T14:31:38.169+05:30  INFO 4676 --- [restartedMain] o.s.b.w.embedded.tomcat.TomcatWebServer  : Tomcat started on port(s): 8080 (http) with context path ''
2023-11-20T14:31:38.191+05:30  INFO 4676 --- [restartedMain] c.p.BirthdayReminderAppApplication       : Started BirthdayReminderAppApplication in 0.656 seconds (process running for 666.696)
2023-11-20T14:31:38.193+05:30  INFO 4676 --- [restartedMain] .ConditionEvaluationDeltaLoggingListener : Condition evaluation unchanged
2023-11-20T14:32:05.736+05:30  INFO 4676 --- [File Watcher] rtingClassPathChangeChangedEventListener : Restarting due to 1 class path change (0 additions, 0 deletions, 1 modification)
2023-11-20T14:32:05.756+05:30  INFO 4676 --- [Thread-11] o.apache.catalina.core.StandardService   : Stopping service [Tomcat]
2023-11-20T14:32:05.763+05:30  INFO 4676 --- [Thread-11] j.LocalContainerEntityManagerFactoryBean : Closing JPA EntityManagerFactory for persistence unit 'default'
2023-11-20T14:32:05.765+05:30  INFO 4676 --- [Thread-11] com.zaxxer.hikari.HikariDataSource       : HikariPool-3 - Shutdown initiated...
2023-11-20T14:32:05.778+05:30  INFO 4676 --- [Thread-11] com.zaxxer.hikari.HikariDataSource       : HikariPool-3 - Shutdown completed.
2023-11-20T14:32:05.909+05:30  INFO 4676 --- [restartedMain] c.p.BirthdayReminderAppApplication       : Starting BirthdayReminderAppApplication using Java 17.0.9 with PID 4676 (D:\BirthdaayApp\BirthdayReminderApp\BirthdayReminderApp\target\classes started by ashishw in D:\BirthdaayApp\BirthdayReminderApp\BirthdayReminderApp)
2023-11-20T14:32:05.909+05:30  INFO 4676 --- [restartedMain] c.p.BirthdayReminderAppApplication       : No active profile set, falling back to 1 default profile: "default"
2023-11-20T14:32:06.098+05:30  INFO 4676 --- [restartedMain] .s.d.r.c.RepositoryConfigurationDelegate : Bootstrapping Spring Data JPA repositories in DEFAULT mode.
2023-11-20T14:32:06.110+05:30  INFO 4676 --- [restartedMain] .s.d.r.c.RepositoryConfigurationDelegate : Finished Spring Data repository scanning in 11 ms. Found 1 JPA repository interfaces.
2023-11-20T14:32:06.213+05:30  INFO 4676 --- [restartedMain] o.s.b.w.embedded.tomcat.TomcatWebServer  : Tomcat initialized with port(s): 8080 (http)
2023-11-20T14:32:06.213+05:30  INFO 4676 --- [restartedMain] o.apache.catalina.core.StandardService   : Starting service [Tomcat]
2023-11-20T14:32:06.213+05:30  INFO 4676 --- [restartedMain] o.apache.catalina.core.StandardEngine    : Starting Servlet engine: [Apache Tomcat/10.1.15]
2023-11-20T14:32:06.242+05:30  INFO 4676 --- [restartedMain] o.a.c.c.C.[Tomcat].[localhost].[/]       : Initializing Spring embedded WebApplicationContext
2023-11-20T14:32:06.242+05:30  INFO 4676 --- [restartedMain] w.s.c.ServletWebServerApplicationContext : Root WebApplicationContext: initialization completed in 331 ms
2023-11-20T14:32:06.287+05:30  INFO 4676 --- [restartedMain] o.hibernate.jpa.internal.util.LogHelper  : HHH000204: Processing PersistenceUnitInfo [name: default]
2023-11-20T14:32:06.293+05:30  INFO 4676 --- [restartedMain] o.s.o.j.p.SpringPersistenceUnitInfo      : No LoadTimeWeaver setup: ignoring JPA class transformer
2023-11-20T14:32:06.294+05:30  INFO 4676 --- [restartedMain] com.zaxxer.hikari.HikariDataSource       : HikariPool-4 - Starting...
2023-11-20T14:32:06.309+05:30  INFO 4676 --- [restartedMain] com.zaxxer.hikari.pool.HikariPool        : HikariPool-4 - Added connection com.mysql.cj.jdbc.ConnectionImpl@430a30b7
2023-11-20T14:32:06.309+05:30  INFO 4676 --- [restartedMain] com.zaxxer.hikari.HikariDataSource       : HikariPool-4 - Start completed.
2023-11-20T14:32:06.310+05:30  WARN 4676 --- [restartedMain] org.hibernate.orm.deprecation            : HHH90000025: MySQL8Dialect does not need to be specified explicitly using 'hibernate.dialect' (remove the property setting and it will be selected by default)
2023-11-20T14:32:06.311+05:30  WARN 4676 --- [restartedMain] org.hibernate.orm.deprecation            : HHH90000026: MySQL8Dialect has been deprecated; use org.hibernate.dialect.MySQLDialect instead
2023-11-20T14:32:06.332+05:30  INFO 4676 --- [restartedMain] o.h.e.t.j.p.i.JtaPlatformInitiator       : HHH000489: No JTA platform available (set 'hibernate.transaction.jta.platform' to enable JTA platform integration)
2023-11-20T14:32:06.340+05:30  INFO 4676 --- [restartedMain] j.LocalContainerEntityManagerFactoryBean : Initialized JPA EntityManagerFactory for persistence unit 'default'
2023-11-20T14:32:06.416+05:30  WARN 4676 --- [restartedMain] JpaBaseConfiguration$JpaWebConfiguration : spring.jpa.open-in-view is enabled by default. Therefore, database queries may be performed during view rendering. Explicitly configure spring.jpa.open-in-view to disable this warning
2023-11-20T14:32:06.468+05:30  INFO 4676 --- [restartedMain] o.s.b.a.w.s.WelcomePageHandlerMapping    : Adding welcome page template: index
2023-11-20T14:32:06.534+05:30  INFO 4676 --- [restartedMain] o.s.b.d.a.OptionalLiveReloadServer       : LiveReload server is running on port 35729
2023-11-20T14:32:06.546+05:30  INFO 4676 --- [restartedMain] o.s.b.w.embedded.tomcat.TomcatWebServer  : Tomcat started on port(s): 8080 (http) with context path ''
2023-11-20T14:32:06.550+05:30  INFO 4676 --- [restartedMain] c.p.BirthdayReminderAppApplication       : Started BirthdayReminderAppApplication in 0.702 seconds (process running for 695.056)
2023-11-20T14:32:06.552+05:30  INFO 4676 --- [restartedMain] .ConditionEvaluationDeltaLoggingListener : Condition evaluation unchanged
2023-11-20T14:32:29.993+05:30  INFO 4676 --- [File Watcher] rtingClassPathChangeChangedEventListener : Restarting due to 14 class path changes (0 additions, 0 deletions, 14 modifications)
2023-11-20T14:32:30.026+05:30  INFO 4676 --- [Thread-15] o.apache.catalina.core.StandardService   : Stopping service [Tomcat]
2023-11-20T14:32:30.030+05:30  INFO 4676 --- [Thread-15] j.LocalContainerEntityManagerFactoryBean : Closing JPA EntityManagerFactory for persistence unit 'default'
2023-11-20T14:32:30.031+05:30  INFO 4676 --- [Thread-15] com.zaxxer.hikari.HikariDataSource       : HikariPool-4 - Shutdown initiated...
2023-11-20T14:32:30.039+05:30  INFO 4676 --- [Thread-15] com.zaxxer.hikari.HikariDataSource       : HikariPool-4 - Shutdown completed.
2023-11-20T14:32:30.147+05:30  INFO 4676 --- [restartedMain] c.p.BirthdayReminderAppApplication       : Starting BirthdayReminderAppApplication using Java 17.0.9 with PID 4676 (D:\BirthdaayApp\BirthdayReminderApp\BirthdayReminderApp\target\classes started by ashishw in D:\BirthdaayApp\BirthdayReminderApp\BirthdayReminderApp)
2023-11-20T14:32:30.148+05:30  INFO 4676 --- [restartedMain] c.p.BirthdayReminderAppApplication       : No active profile set, falling back to 1 default profile: "default"
2023-11-20T14:32:30.293+05:30  INFO 4676 --- [restartedMain] .s.d.r.c.RepositoryConfigurationDelegate : Bootstrapping Spring Data JPA repositories in DEFAULT mode.
2023-11-20T14:32:30.306+05:30  INFO 4676 --- [restartedMain] .s.d.r.c.RepositoryConfigurationDelegate : Finished Spring Data repository scanning in 11 ms. Found 1 JPA repository interfaces.
2023-11-20T14:32:30.381+05:30  INFO 4676 --- [restartedMain] o.s.b.w.embedded.tomcat.TomcatWebServer  : Tomcat initialized with port(s): 8080 (http)
2023-11-20T14:32:30.382+05:30  INFO 4676 --- [restartedMain] o.apache.catalina.core.StandardService   : Starting service [Tomcat]
2023-11-20T14:32:30.382+05:30  INFO 4676 --- [restartedMain] o.apache.catalina.core.StandardEngine    : Starting Servlet engine: [Apache Tomcat/10.1.15]
2023-11-20T14:32:30.403+05:30  INFO 4676 --- [restartedMain] o.a.c.c.C.[Tomcat].[localhost].[/]       : Initializing Spring embedded WebApplicationContext
2023-11-20T14:32:30.403+05:30  INFO 4676 --- [restartedMain] w.s.c.ServletWebServerApplicationContext : Root WebApplicationContext: initialization completed in 253 ms
2023-11-20T14:32:30.431+05:30  INFO 4676 --- [restartedMain] o.hibernate.jpa.internal.util.LogHelper  : HHH000204: Processing PersistenceUnitInfo [name: default]
2023-11-20T14:32:30.437+05:30  INFO 4676 --- [restartedMain] o.s.o.j.p.SpringPersistenceUnitInfo      : No LoadTimeWeaver setup: ignoring JPA class transformer
2023-11-20T14:32:30.437+05:30  INFO 4676 --- [restartedMain] com.zaxxer.hikari.HikariDataSource       : HikariPool-5 - Starting...
2023-11-20T14:32:30.455+05:30  INFO 4676 --- [restartedMain] com.zaxxer.hikari.pool.HikariPool        : HikariPool-5 - Added connection com.mysql.cj.jdbc.ConnectionImpl@56cc99a7
2023-11-20T14:32:30.455+05:30  INFO 4676 --- [restartedMain] com.zaxxer.hikari.HikariDataSource       : HikariPool-5 - Start completed.
2023-11-20T14:32:30.456+05:30  WARN 4676 --- [restartedMain] org.hibernate.orm.deprecation            : HHH90000025: MySQL8Dialect does not need to be specified explicitly using 'hibernate.dialect' (remove the property setting and it will be selected by default)
2023-11-20T14:32:30.456+05:30  WARN 4676 --- [restartedMain] org.hibernate.orm.deprecation            : HHH90000026: MySQL8Dialect has been deprecated; use org.hibernate.dialect.MySQLDialect instead
2023-11-20T14:32:30.479+05:30  INFO 4676 --- [restartedMain] o.h.e.t.j.p.i.JtaPlatformInitiator       : HHH000489: No JTA platform available (set 'hibernate.transaction.jta.platform' to enable JTA platform integration)
2023-11-20T14:32:30.487+05:30  INFO 4676 --- [restartedMain] j.LocalContainerEntityManagerFactoryBean : Initialized JPA EntityManagerFactory for persistence unit 'default'
2023-11-20T14:32:30.581+05:30  WARN 4676 --- [restartedMain] JpaBaseConfiguration$JpaWebConfiguration : spring.jpa.open-in-view is enabled by default. Therefore, database queries may be performed during view rendering. Explicitly configure spring.jpa.open-in-view to disable this warning
2023-11-20T14:32:30.617+05:30  INFO 4676 --- [restartedMain] o.s.b.a.w.s.WelcomePageHandlerMapping    : Adding welcome page template: index
2023-11-20T14:32:30.675+05:30  INFO 4676 --- [restartedMain] o.s.b.d.a.OptionalLiveReloadServer       : LiveReload server is running on port 35729
2023-11-20T14:32:30.692+05:30  INFO 4676 --- [restartedMain] o.s.b.w.embedded.tomcat.TomcatWebServer  : Tomcat started on port(s): 8080 (http) with context path ''
2023-11-20T14:32:30.697+05:30  INFO 4676 --- [restartedMain] c.p.BirthdayReminderAppApplication       : Started BirthdayReminderAppApplication in 0.6 seconds (process running for 719.202)
2023-11-20T14:32:30.698+05:30  INFO 4676 --- [restartedMain] .ConditionEvaluationDeltaLoggingListener : Condition evaluation unchanged
2023-11-20T14:32:44.202+05:30  INFO 1760 --- [restartedMain] c.p.BirthdayReminderAppApplication       : Starting BirthdayReminderAppApplication using Java 17.0.9 with PID 1760 (D:\BirthdaayApp\BirthdayReminderApp\BirthdayReminderApp\target\classes started by ashishw in D:\BirthdaayApp\BirthdayReminderApp\BirthdayReminderApp)
2023-11-20T14:32:44.205+05:30  INFO 1760 --- [restartedMain] c.p.BirthdayReminderAppApplication       : No active profile set, falling back to 1 default profile: "default"
2023-11-20T14:32:44.267+05:30  INFO 1760 --- [restartedMain] .e.DevToolsPropertyDefaultsPostProcessor : Devtools property defaults active! Set 'spring.devtools.add-properties' to 'false' to disable
2023-11-20T14:32:44.267+05:30  INFO 1760 --- [restartedMain] .e.DevToolsPropertyDefaultsPostProcessor : For additional web related logging consider setting the 'logging.level.web' property to 'DEBUG'
2023-11-20T14:32:44.903+05:30  INFO 1760 --- [restartedMain] .s.d.r.c.RepositoryConfigurationDelegate : Bootstrapping Spring Data JPA repositories in DEFAULT mode.
2023-11-20T14:32:44.964+05:30  INFO 1760 --- [restartedMain] .s.d.r.c.RepositoryConfigurationDelegate : Finished Spring Data repository scanning in 54 ms. Found 1 JPA repository interfaces.
2023-11-20T14:32:45.644+05:30  INFO 1760 --- [restartedMain] o.s.b.w.embedded.tomcat.TomcatWebServer  : Tomcat initialized with port(s): 8080 (http)
2023-11-20T14:32:45.657+05:30  INFO 1760 --- [restartedMain] o.apache.catalina.core.StandardService   : Starting service [Tomcat]
2023-11-20T14:32:45.658+05:30  INFO 1760 --- [restartedMain] o.apache.catalina.core.StandardEngine    : Starting Servlet engine: [Apache Tomcat/10.1.15]
2023-11-20T14:32:45.754+05:30  INFO 1760 --- [restartedMain] o.a.c.c.C.[Tomcat].[localhost].[/]       : Initializing Spring embedded WebApplicationContext
2023-11-20T14:32:45.755+05:30  INFO 1760 --- [restartedMain] w.s.c.ServletWebServerApplicationContext : Root WebApplicationContext: initialization completed in 1486 ms
2023-11-20T14:32:45.913+05:30  INFO 1760 --- [restartedMain] o.hibernate.jpa.internal.util.LogHelper  : HHH000204: Processing PersistenceUnitInfo [name: default]
2023-11-20T14:32:45.969+05:30  INFO 1760 --- [restartedMain] org.hibernate.Version                    : HHH000412: Hibernate ORM core version 6.2.13.Final
2023-11-20T14:32:45.972+05:30  INFO 1760 --- [restartedMain] org.hibernate.cfg.Environment            : HHH000406: Using bytecode reflection optimizer
2023-11-20T14:32:46.230+05:30  INFO 1760 --- [restartedMain] o.s.o.j.p.SpringPersistenceUnitInfo      : No LoadTimeWeaver setup: ignoring JPA class transformer
2023-11-20T14:32:46.266+05:30  INFO 1760 --- [restartedMain] com.zaxxer.hikari.HikariDataSource       : HikariPool-1 - Starting...
2023-11-20T14:32:46.582+05:30  INFO 1760 --- [restartedMain] com.zaxxer.hikari.pool.HikariPool        : HikariPool-1 - Added connection com.mysql.cj.jdbc.ConnectionImpl@6b54b695
2023-11-20T14:32:46.584+05:30  INFO 1760 --- [restartedMain] com.zaxxer.hikari.HikariDataSource       : HikariPool-1 - Start completed.
2023-11-20T14:32:46.628+05:30  WARN 1760 --- [restartedMain] org.hibernate.orm.deprecation            : HHH90000025: MySQL8Dialect does not need to be specified explicitly using 'hibernate.dialect' (remove the property setting and it will be selected by default)
2023-11-20T14:32:46.630+05:30  WARN 1760 --- [restartedMain] org.hibernate.orm.deprecation            : HHH90000026: MySQL8Dialect has been deprecated; use org.hibernate.dialect.MySQLDialect instead
2023-11-20T14:32:47.474+05:30  INFO 1760 --- [restartedMain] o.h.e.t.j.p.i.JtaPlatformInitiator       : HHH000489: No JTA platform available (set 'hibernate.transaction.jta.platform' to enable JTA platform integration)
2023-11-20T14:32:47.542+05:30  INFO 1760 --- [restartedMain] j.LocalContainerEntityManagerFactoryBean : Initialized JPA EntityManagerFactory for persistence unit 'default'
2023-11-20T14:32:47.809+05:30  INFO 1760 --- [restartedMain] o.s.d.j.r.query.QueryEnhancerFactory     : Hibernate is in classpath; If applicable, HQL parser will be used.
2023-11-20T14:32:48.203+05:30  WARN 1760 --- [restartedMain] JpaBaseConfiguration$JpaWebConfiguration : spring.jpa.open-in-view is enabled by default. Therefore, database queries may be performed during view rendering. Explicitly configure spring.jpa.open-in-view to disable this warning
2023-11-20T14:32:48.364+05:30  INFO 1760 --- [restartedMain] o.s.b.a.w.s.WelcomePageHandlerMapping    : Adding welcome page template: index
2023-11-20T14:32:48.586+05:30  WARN 1760 --- [restartedMain] o.s.b.d.a.OptionalLiveReloadServer       : Unable to start LiveReload server
2023-11-20T14:32:48.612+05:30  WARN 1760 --- [restartedMain] ConfigServletWebServerApplicationContext : Exception encountered during context initialization - cancelling refresh attempt: org.springframework.context.ApplicationContextException: Failed to start bean 'webServerStartStop'
2023-11-20T14:32:48.614+05:30  INFO 1760 --- [restartedMain] j.LocalContainerEntityManagerFactoryBean : Closing JPA EntityManagerFactory for persistence unit 'default'
2023-11-20T14:32:48.617+05:30  INFO 1760 --- [restartedMain] com.zaxxer.hikari.HikariDataSource       : HikariPool-1 - Shutdown initiated...
2023-11-20T14:32:48.630+05:30  INFO 1760 --- [restartedMain] com.zaxxer.hikari.HikariDataSource       : HikariPool-1 - Shutdown completed.
2023-11-20T14:32:48.633+05:30  INFO 1760 --- [restartedMain] o.apache.catalina.core.StandardService   : Stopping service [Tomcat]
2023-11-20T14:32:48.657+05:30  INFO 1760 --- [restartedMain] .s.b.a.l.ConditionEvaluationReportLogger : 

Error starting ApplicationContext. To display the condition evaluation report re-run your application with 'debug' enabled.
2023-11-20T14:32:48.678+05:30 ERROR 1760 --- [restartedMain] o.s.b.d.LoggingFailureAnalysisReporter   : 

***************************
APPLICATION FAILED TO START
***************************

Description:

Web server failed to start. Port 8080 was already in use.

Action:

Identify and stop the process that's listening on port 8080 or configure this application to listen on another port.

2023-11-20T14:34:20.755+05:30  INFO 4676 --- [File Watcher] rtingClassPathChangeChangedEventListener : Restarting due to 1 class path change (0 additions, 0 deletions, 1 modification)
2023-11-20T14:34:20.794+05:30  INFO 4676 --- [Thread-19] o.apache.catalina.core.StandardService   : Stopping service [Tomcat]
2023-11-20T14:34:20.799+05:30  INFO 4676 --- [Thread-19] j.LocalContainerEntityManagerFactoryBean : Closing JPA EntityManagerFactory for persistence unit 'default'
2023-11-20T14:34:20.800+05:30  INFO 4676 --- [Thread-19] com.zaxxer.hikari.HikariDataSource       : HikariPool-5 - Shutdown initiated...
2023-11-20T14:34:20.813+05:30  INFO 4676 --- [Thread-19] com.zaxxer.hikari.HikariDataSource       : HikariPool-5 - Shutdown completed.
2023-11-20T14:34:20.913+05:30  INFO 4676 --- [restartedMain] c.p.BirthdayReminderAppApplication       : Starting BirthdayReminderAppApplication using Java 17.0.9 with PID 4676 (D:\BirthdaayApp\BirthdayReminderApp\BirthdayReminderApp\target\classes started by ashishw in D:\BirthdaayApp\BirthdayReminderApp\BirthdayReminderApp)
2023-11-20T14:34:20.913+05:30  INFO 4676 --- [restartedMain] c.p.BirthdayReminderAppApplication       : No active profile set, falling back to 1 default profile: "default"
2023-11-20T14:34:21.041+05:30  INFO 4676 --- [restartedMain] .s.d.r.c.RepositoryConfigurationDelegate : Bootstrapping Spring Data JPA repositories in DEFAULT mode.
2023-11-20T14:34:21.051+05:30  INFO 4676 --- [restartedMain] .s.d.r.c.RepositoryConfigurationDelegate : Finished Spring Data repository scanning in 10 ms. Found 1 JPA repository interfaces.
2023-11-20T14:34:21.140+05:30  INFO 4676 --- [restartedMain] o.s.b.w.embedded.tomcat.TomcatWebServer  : Tomcat initialized with port(s): 8080 (http)
2023-11-20T14:34:21.141+05:30  INFO 4676 --- [restartedMain] o.apache.catalina.core.StandardService   : Starting service [Tomcat]
2023-11-20T14:34:21.141+05:30  INFO 4676 --- [restartedMain] o.apache.catalina.core.StandardEngine    : Starting Servlet engine: [Apache Tomcat/10.1.15]
2023-11-20T14:34:21.164+05:30  INFO 4676 --- [restartedMain] o.a.c.c.C.[Tomcat].[localhost].[/]       : Initializing Spring embedded WebApplicationContext
2023-11-20T14:34:21.164+05:30  INFO 4676 --- [restartedMain] w.s.c.ServletWebServerApplicationContext : Root WebApplicationContext: initialization completed in 250 ms
2023-11-20T14:34:21.193+05:30  INFO 4676 --- [restartedMain] o.hibernate.jpa.internal.util.LogHelper  : HHH000204: Processing PersistenceUnitInfo [name: default]
2023-11-20T14:34:21.198+05:30  INFO 4676 --- [restartedMain] o.s.o.j.p.SpringPersistenceUnitInfo      : No LoadTimeWeaver setup: ignoring JPA class transformer
2023-11-20T14:34:21.199+05:30  INFO 4676 --- [restartedMain] com.zaxxer.hikari.HikariDataSource       : HikariPool-6 - Starting...
2023-11-20T14:34:21.216+05:30  INFO 4676 --- [restartedMain] com.zaxxer.hikari.pool.HikariPool        : HikariPool-6 - Added connection com.mysql.cj.jdbc.ConnectionImpl@2fdbd138
2023-11-20T14:34:21.216+05:30  INFO 4676 --- [restartedMain] com.zaxxer.hikari.HikariDataSource       : HikariPool-6 - Start completed.
2023-11-20T14:34:21.217+05:30  WARN 4676 --- [restartedMain] org.hibernate.orm.deprecation            : HHH90000025: MySQL8Dialect does not need to be specified explicitly using 'hibernate.dialect' (remove the property setting and it will be selected by default)
2023-11-20T14:34:21.217+05:30  WARN 4676 --- [restartedMain] org.hibernate.orm.deprecation            : HHH90000026: MySQL8Dialect has been deprecated; use org.hibernate.dialect.MySQLDialect instead
2023-11-20T14:34:21.246+05:30  INFO 4676 --- [restartedMain] o.h.e.t.j.p.i.JtaPlatformInitiator       : HHH000489: No JTA platform available (set 'hibernate.transaction.jta.platform' to enable JTA platform integration)
2023-11-20T14:34:21.261+05:30  INFO 4676 --- [restartedMain] j.LocalContainerEntityManagerFactoryBean : Initialized JPA EntityManagerFactory for persistence unit 'default'
2023-11-20T14:34:21.341+05:30  WARN 4676 --- [restartedMain] JpaBaseConfiguration$JpaWebConfiguration : spring.jpa.open-in-view is enabled by default. Therefore, database queries may be performed during view rendering. Explicitly configure spring.jpa.open-in-view to disable this warning
2023-11-20T14:34:21.383+05:30  INFO 4676 --- [restartedMain] o.s.b.a.w.s.WelcomePageHandlerMapping    : Adding welcome page template: index
2023-11-20T14:34:21.438+05:30  INFO 4676 --- [restartedMain] o.s.b.d.a.OptionalLiveReloadServer       : LiveReload server is running on port 35729
2023-11-20T14:34:21.457+05:30  INFO 4676 --- [restartedMain] o.s.b.w.embedded.tomcat.TomcatWebServer  : Tomcat started on port(s): 8080 (http) with context path ''
2023-11-20T14:34:21.464+05:30  INFO 4676 --- [restartedMain] c.p.BirthdayReminderAppApplication       : Started BirthdayReminderAppApplication in 0.598 seconds (process running for 829.97)
2023-11-20T14:34:21.469+05:30  INFO 4676 --- [restartedMain] .ConditionEvaluationDeltaLoggingListener : Condition evaluation delta:


==========================
CONDITION EVALUATION DELTA
==========================


Positive matches:
-----------------

    None


Negative matches:
-----------------

   Swagger2DocumentationWebFluxConfiguration:
      Did not match:
         - @ConditionalOnClass did not find required class 'org.springframework.web.reactive.BindingContext' (OnClassCondition)


Exclusions:
-----------

    None


Unconditional classes:
----------------------

    None



2023-11-20T14:35:16.014+05:30  INFO 4676 --- [File Watcher] rtingClassPathChangeChangedEventListener : Restarting due to 1 class path change (0 additions, 0 deletions, 1 modification)
2023-11-20T14:35:16.037+05:30  INFO 4676 --- [Thread-23] o.apache.catalina.core.StandardService   : Stopping service [Tomcat]
2023-11-20T14:35:16.045+05:30  INFO 4676 --- [Thread-23] j.LocalContainerEntityManagerFactoryBean : Closing JPA EntityManagerFactory for persistence unit 'default'
2023-11-20T14:35:16.047+05:30  INFO 4676 --- [Thread-23] com.zaxxer.hikari.HikariDataSource       : HikariPool-6 - Shutdown initiated...
2023-11-20T14:35:16.056+05:30  INFO 4676 --- [Thread-23] com.zaxxer.hikari.HikariDataSource       : HikariPool-6 - Shutdown completed.
2023-11-20T14:35:16.152+05:30  INFO 4676 --- [restartedMain] c.p.BirthdayReminderAppApplication       : Starting BirthdayReminderAppApplication using Java 17.0.9 with PID 4676 (D:\BirthdaayApp\BirthdayReminderApp\BirthdayReminderApp\target\classes started by ashishw in D:\BirthdaayApp\BirthdayReminderApp\BirthdayReminderApp)
2023-11-20T14:35:16.152+05:30  INFO 4676 --- [restartedMain] c.p.BirthdayReminderAppApplication       : No active profile set, falling back to 1 default profile: "default"
2023-11-20T14:35:16.270+05:30  INFO 4676 --- [restartedMain] .s.d.r.c.RepositoryConfigurationDelegate : Bootstrapping Spring Data JPA repositories in DEFAULT mode.
2023-11-20T14:35:16.278+05:30  INFO 4676 --- [restartedMain] .s.d.r.c.RepositoryConfigurationDelegate : Finished Spring Data repository scanning in 7 ms. Found 1 JPA repository interfaces.
2023-11-20T14:35:16.352+05:30  INFO 4676 --- [restartedMain] o.s.b.w.embedded.tomcat.TomcatWebServer  : Tomcat initialized with port(s): 8080 (http)
2023-11-20T14:35:16.353+05:30  INFO 4676 --- [restartedMain] o.apache.catalina.core.StandardService   : Starting service [Tomcat]
2023-11-20T14:35:16.354+05:30  INFO 4676 --- [restartedMain] o.apache.catalina.core.StandardEngine    : Starting Servlet engine: [Apache Tomcat/10.1.15]
2023-11-20T14:35:16.379+05:30  INFO 4676 --- [restartedMain] o.a.c.c.C.[Tomcat].[localhost].[/]       : Initializing Spring embedded WebApplicationContext
2023-11-20T14:35:16.380+05:30  INFO 4676 --- [restartedMain] w.s.c.ServletWebServerApplicationContext : Root WebApplicationContext: initialization completed in 226 ms
2023-11-20T14:35:16.416+05:30  INFO 4676 --- [restartedMain] o.hibernate.jpa.internal.util.LogHelper  : HHH000204: Processing PersistenceUnitInfo [name: default]
2023-11-20T14:35:16.425+05:30  INFO 4676 --- [restartedMain] o.s.o.j.p.SpringPersistenceUnitInfo      : No LoadTimeWeaver setup: ignoring JPA class transformer
2023-11-20T14:35:16.426+05:30  INFO 4676 --- [restartedMain] com.zaxxer.hikari.HikariDataSource       : HikariPool-7 - Starting...
2023-11-20T14:35:16.454+05:30  INFO 4676 --- [restartedMain] com.zaxxer.hikari.pool.HikariPool        : HikariPool-7 - Added connection com.mysql.cj.jdbc.ConnectionImpl@59be4f8b
2023-11-20T14:35:16.455+05:30  INFO 4676 --- [restartedMain] com.zaxxer.hikari.HikariDataSource       : HikariPool-7 - Start completed.
2023-11-20T14:35:16.456+05:30  WARN 4676 --- [restartedMain] org.hibernate.orm.deprecation            : HHH90000025: MySQL8Dialect does not need to be specified explicitly using 'hibernate.dialect' (remove the property setting and it will be selected by default)
2023-11-20T14:35:16.456+05:30  WARN 4676 --- [restartedMain] org.hibernate.orm.deprecation            : HHH90000026: MySQL8Dialect has been deprecated; use org.hibernate.dialect.MySQLDialect instead
2023-11-20T14:35:16.480+05:30  INFO 4676 --- [restartedMain] o.h.e.t.j.p.i.JtaPlatformInitiator       : HHH000489: No JTA platform available (set 'hibernate.transaction.jta.platform' to enable JTA platform integration)
2023-11-20T14:35:16.488+05:30  INFO 4676 --- [restartedMain] j.LocalContainerEntityManagerFactoryBean : Initialized JPA EntityManagerFactory for persistence unit 'default'
2023-11-20T14:35:16.559+05:30  WARN 4676 --- [restartedMain] JpaBaseConfiguration$JpaWebConfiguration : spring.jpa.open-in-view is enabled by default. Therefore, database queries may be performed during view rendering. Explicitly configure spring.jpa.open-in-view to disable this warning
2023-11-20T14:35:16.592+05:30  INFO 4676 --- [restartedMain] o.s.b.a.w.s.WelcomePageHandlerMapping    : Adding welcome page template: index
2023-11-20T14:35:16.650+05:30  INFO 4676 --- [restartedMain] o.s.b.d.a.OptionalLiveReloadServer       : LiveReload server is running on port 35729
2023-11-20T14:35:16.666+05:30  INFO 4676 --- [restartedMain] o.s.b.w.embedded.tomcat.TomcatWebServer  : Tomcat started on port(s): 8080 (http) with context path ''
2023-11-20T14:35:16.673+05:30  INFO 4676 --- [restartedMain] c.p.BirthdayReminderAppApplication       : Started BirthdayReminderAppApplication in 0.562 seconds (process running for 885.179)
2023-11-20T14:35:16.675+05:30  INFO 4676 --- [restartedMain] .ConditionEvaluationDeltaLoggingListener : Condition evaluation delta:


==========================
CONDITION EVALUATION DELTA
==========================


Positive matches:
-----------------

   SwaggerConfig matched:
      - @ConditionalOnWebApplication (required) found 'session' scope (OnWebApplicationCondition)


Negative matches:
-----------------

   Swagger2DocumentationWebMvcConfiguration:
      Did not match:
         - @ConditionalOnClass did not find required class 'springfox.documentation.spring.web.SpringfoxWebMvcConfiguration' (OnClassCondition)


Exclusions:
-----------

    None


Unconditional classes:
----------------------

    None



2023-11-20T15:28:02.837+05:30  INFO 4676 --- [RMI TCP Connection(72)-127.0.0.1] inMXBeanRegistrar$SpringApplicationAdmin : Application shutdown requested.
2023-11-20T15:28:02.853+05:30  INFO 4676 --- [RMI TCP Connection(72)-127.0.0.1] o.apache.catalina.core.StandardService   : Stopping service [Tomcat]
2023-11-20T15:28:02.859+05:30  INFO 4676 --- [RMI TCP Connection(72)-127.0.0.1] j.LocalContainerEntityManagerFactoryBean : Closing JPA EntityManagerFactory for persistence unit 'default'
2023-11-20T15:28:02.860+05:30  INFO 4676 --- [RMI TCP Connection(72)-127.0.0.1] com.zaxxer.hikari.HikariDataSource       : HikariPool-7 - Shutdown initiated...
2023-11-20T15:28:02.870+05:30  INFO 4676 --- [RMI TCP Connection(72)-127.0.0.1] com.zaxxer.hikari.HikariDataSource       : HikariPool-7 - Shutdown completed.
2023-11-20T15:30:46.478+05:30  INFO 21228 --- [restartedMain] c.p.BirthdayReminderAppApplication       : Starting BirthdayReminderAppApplication using Java 17.0.9 with PID 21228 (D:\BirthdaayApp\BirthdayReminderApp\BirthdayReminderApp\target\classes started by ashishw in D:\BirthdaayApp\BirthdayReminderApp\BirthdayReminderApp)
2023-11-20T15:30:46.480+05:30  INFO 21228 --- [restartedMain] c.p.BirthdayReminderAppApplication       : No active profile set, falling back to 1 default profile: "default"
2023-11-20T15:30:46.543+05:30  INFO 21228 --- [restartedMain] .e.DevToolsPropertyDefaultsPostProcessor : Devtools property defaults active! Set 'spring.devtools.add-properties' to 'false' to disable
2023-11-20T15:30:46.543+05:30  INFO 21228 --- [restartedMain] .e.DevToolsPropertyDefaultsPostProcessor : For additional web related logging consider setting the 'logging.level.web' property to 'DEBUG'
2023-11-20T15:30:47.173+05:30  INFO 21228 --- [restartedMain] .s.d.r.c.RepositoryConfigurationDelegate : Bootstrapping Spring Data JPA repositories in DEFAULT mode.
2023-11-20T15:30:47.236+05:30  INFO 21228 --- [restartedMain] .s.d.r.c.RepositoryConfigurationDelegate : Finished Spring Data repository scanning in 55 ms. Found 1 JPA repository interfaces.
2023-11-20T15:30:47.909+05:30  INFO 21228 --- [restartedMain] o.s.b.w.embedded.tomcat.TomcatWebServer  : Tomcat initialized with port(s): 9090 (http)
2023-11-20T15:30:47.919+05:30  INFO 21228 --- [restartedMain] o.apache.catalina.core.StandardService   : Starting service [Tomcat]
2023-11-20T15:30:47.920+05:30  INFO 21228 --- [restartedMain] o.apache.catalina.core.StandardEngine    : Starting Servlet engine: [Apache Tomcat/10.1.15]
2023-11-20T15:30:48.012+05:30  INFO 21228 --- [restartedMain] o.a.c.c.C.[Tomcat].[localhost].[/]       : Initializing Spring embedded WebApplicationContext
2023-11-20T15:30:48.013+05:30  INFO 21228 --- [restartedMain] w.s.c.ServletWebServerApplicationContext : Root WebApplicationContext: initialization completed in 1469 ms
2023-11-20T15:30:48.155+05:30  INFO 21228 --- [restartedMain] o.hibernate.jpa.internal.util.LogHelper  : HHH000204: Processing PersistenceUnitInfo [name: default]
2023-11-20T15:30:48.216+05:30  INFO 21228 --- [restartedMain] org.hibernate.Version                    : HHH000412: Hibernate ORM core version 6.2.13.Final
2023-11-20T15:30:48.220+05:30  INFO 21228 --- [restartedMain] org.hibernate.cfg.Environment            : HHH000406: Using bytecode reflection optimizer
2023-11-20T15:30:48.485+05:30  INFO 21228 --- [restartedMain] o.s.o.j.p.SpringPersistenceUnitInfo      : No LoadTimeWeaver setup: ignoring JPA class transformer
2023-11-20T15:30:48.522+05:30  INFO 21228 --- [restartedMain] com.zaxxer.hikari.HikariDataSource       : HikariPool-1 - Starting...
2023-11-20T15:30:48.846+05:30  INFO 21228 --- [restartedMain] com.zaxxer.hikari.pool.HikariPool        : HikariPool-1 - Added connection com.mysql.cj.jdbc.ConnectionImpl@3adc50df
2023-11-20T15:30:48.850+05:30  INFO 21228 --- [restartedMain] com.zaxxer.hikari.HikariDataSource       : HikariPool-1 - Start completed.
2023-11-20T15:30:48.905+05:30  WARN 21228 --- [restartedMain] org.hibernate.orm.deprecation            : HHH90000025: MySQL8Dialect does not need to be specified explicitly using 'hibernate.dialect' (remove the property setting and it will be selected by default)
2023-11-20T15:30:48.906+05:30  WARN 21228 --- [restartedMain] org.hibernate.orm.deprecation            : HHH90000026: MySQL8Dialect has been deprecated; use org.hibernate.dialect.MySQLDialect instead
2023-11-20T15:30:49.715+05:30  INFO 21228 --- [restartedMain] o.h.e.t.j.p.i.JtaPlatformInitiator       : HHH000489: No JTA platform available (set 'hibernate.transaction.jta.platform' to enable JTA platform integration)
2023-11-20T15:30:49.778+05:30  INFO 21228 --- [restartedMain] j.LocalContainerEntityManagerFactoryBean : Initialized JPA EntityManagerFactory for persistence unit 'default'
2023-11-20T15:30:50.035+05:30  INFO 21228 --- [restartedMain] o.s.d.j.r.query.QueryEnhancerFactory     : Hibernate is in classpath; If applicable, HQL parser will be used.
2023-11-20T15:30:50.440+05:30  WARN 21228 --- [restartedMain] JpaBaseConfiguration$JpaWebConfiguration : spring.jpa.open-in-view is enabled by default. Therefore, database queries may be performed during view rendering. Explicitly configure spring.jpa.open-in-view to disable this warning
2023-11-20T15:30:50.594+05:30  INFO 21228 --- [restartedMain] o.s.b.a.w.s.WelcomePageHandlerMapping    : Adding welcome page template: index
2023-11-20T15:30:50.796+05:30  INFO 21228 --- [restartedMain] o.s.b.d.a.OptionalLiveReloadServer       : LiveReload server is running on port 35729
2023-11-20T15:30:50.859+05:30  INFO 21228 --- [restartedMain] o.s.b.w.embedded.tomcat.TomcatWebServer  : Tomcat started on port(s): 9090 (http) with context path ''
2023-11-20T15:30:50.876+05:30  INFO 21228 --- [restartedMain] c.p.BirthdayReminderAppApplication       : Started BirthdayReminderAppApplication in 4.877 seconds (process running for 5.776)
2023-11-20T15:32:53.407+05:30  INFO 21228 --- [http-nio-9090-exec-1] o.a.c.c.C.[Tomcat].[localhost].[/]       : Initializing Spring DispatcherServlet 'dispatcherServlet'
2023-11-20T15:32:53.407+05:30  INFO 21228 --- [http-nio-9090-exec-1] o.s.web.servlet.DispatcherServlet        : Initializing Servlet 'dispatcherServlet'
2023-11-20T15:32:53.407+05:30  INFO 21228 --- [http-nio-9090-exec-1] o.s.web.servlet.DispatcherServlet        : Completed initialization in 0 ms
2023-11-20T15:39:38.601+05:30  INFO 21228 --- [File Watcher] rtingClassPathChangeChangedEventListener : Restarting due to 3 class path changes (0 additions, 0 deletions, 3 modifications)
2023-11-20T15:39:38.619+05:30  INFO 21228 --- [Thread-5] o.apache.catalina.core.StandardService   : Stopping service [Tomcat]
2023-11-20T15:39:38.620+05:30  INFO 21228 --- [Thread-5] o.a.c.c.C.[Tomcat].[localhost].[/]       : Destroying Spring FrameworkServlet 'dispatcherServlet'
2023-11-20T15:39:38.629+05:30  INFO 21228 --- [Thread-5] j.LocalContainerEntityManagerFactoryBean : Closing JPA EntityManagerFactory for persistence unit 'default'
2023-11-20T15:39:38.634+05:30  INFO 21228 --- [Thread-5] com.zaxxer.hikari.HikariDataSource       : HikariPool-1 - Shutdown initiated...
2023-11-20T15:39:38.645+05:30  INFO 21228 --- [Thread-5] com.zaxxer.hikari.HikariDataSource       : HikariPool-1 - Shutdown completed.
2023-11-20T15:39:38.797+05:30  INFO 21228 --- [restartedMain] c.p.BirthdayReminderAppApplication       : Starting BirthdayReminderAppApplication using Java 17.0.9 with PID 21228 (D:\BirthdaayApp\BirthdayReminderApp\BirthdayReminderApp\target\classes started by ashishw in D:\BirthdaayApp\BirthdayReminderApp\BirthdayReminderApp)
2023-11-20T15:39:38.798+05:30  INFO 21228 --- [restartedMain] c.p.BirthdayReminderAppApplication       : No active profile set, falling back to 1 default profile: "default"
2023-11-20T15:39:39.132+05:30  INFO 21228 --- [restartedMain] .s.d.r.c.RepositoryConfigurationDelegate : Bootstrapping Spring Data JPA repositories in DEFAULT mode.
2023-11-20T15:39:39.169+05:30  INFO 21228 --- [restartedMain] .s.d.r.c.RepositoryConfigurationDelegate : Finished Spring Data repository scanning in 35 ms. Found 1 JPA repository interfaces.
2023-11-20T15:39:39.376+05:30  INFO 21228 --- [restartedMain] o.s.b.w.embedded.tomcat.TomcatWebServer  : Tomcat initialized with port(s): 9090 (http)
2023-11-20T15:39:39.377+05:30  INFO 21228 --- [restartedMain] o.apache.catalina.core.StandardService   : Starting service [Tomcat]
2023-11-20T15:39:39.378+05:30  INFO 21228 --- [restartedMain] o.apache.catalina.core.StandardEngine    : Starting Servlet engine: [Apache Tomcat/10.1.15]
2023-11-20T15:39:39.427+05:30  INFO 21228 --- [restartedMain] o.a.c.c.C.[Tomcat].[localhost].[/]       : Initializing Spring embedded WebApplicationContext
2023-11-20T15:39:39.429+05:30  INFO 21228 --- [restartedMain] w.s.c.ServletWebServerApplicationContext : Root WebApplicationContext: initialization completed in 627 ms
2023-11-20T15:39:39.546+05:30  INFO 21228 --- [restartedMain] o.hibernate.jpa.internal.util.LogHelper  : HHH000204: Processing PersistenceUnitInfo [name: default]
2023-11-20T15:39:39.555+05:30  INFO 21228 --- [restartedMain] o.s.o.j.p.SpringPersistenceUnitInfo      : No LoadTimeWeaver setup: ignoring JPA class transformer
2023-11-20T15:39:39.556+05:30  INFO 21228 --- [restartedMain] com.zaxxer.hikari.HikariDataSource       : HikariPool-2 - Starting...
2023-11-20T15:39:39.593+05:30  INFO 21228 --- [restartedMain] com.zaxxer.hikari.pool.HikariPool        : HikariPool-2 - Added connection com.mysql.cj.jdbc.ConnectionImpl@3022b33f
2023-11-20T15:39:39.593+05:30  INFO 21228 --- [restartedMain] com.zaxxer.hikari.HikariDataSource       : HikariPool-2 - Start completed.
2023-11-20T15:39:39.594+05:30  WARN 21228 --- [restartedMain] org.hibernate.orm.deprecation            : HHH90000025: MySQL8Dialect does not need to be specified explicitly using 'hibernate.dialect' (remove the property setting and it will be selected by default)
2023-11-20T15:39:39.594+05:30  WARN 21228 --- [restartedMain] org.hibernate.orm.deprecation            : HHH90000026: MySQL8Dialect has been deprecated; use org.hibernate.dialect.MySQLDialect instead
2023-11-20T15:39:39.640+05:30  INFO 21228 --- [restartedMain] o.h.e.t.j.p.i.JtaPlatformInitiator       : HHH000489: No JTA platform available (set 'hibernate.transaction.jta.platform' to enable JTA platform integration)
2023-11-20T15:39:39.653+05:30  INFO 21228 --- [restartedMain] j.LocalContainerEntityManagerFactoryBean : Initialized JPA EntityManagerFactory for persistence unit 'default'
2023-11-20T15:39:39.684+05:30  WARN 21228 --- [restartedMain] JpaBaseConfiguration$JpaWebConfiguration : spring.jpa.open-in-view is enabled by default. Therefore, database queries may be performed during view rendering. Explicitly configure spring.jpa.open-in-view to disable this warning
2023-11-20T15:39:39.792+05:30  INFO 21228 --- [restartedMain] o.s.b.a.w.s.WelcomePageHandlerMapping    : Adding welcome page template: index
2023-11-20T15:39:40.008+05:30  INFO 21228 --- [restartedMain] o.s.b.d.a.OptionalLiveReloadServer       : LiveReload server is running on port 35729
2023-11-20T15:39:40.030+05:30  INFO 21228 --- [restartedMain] o.s.b.w.embedded.tomcat.TomcatWebServer  : Tomcat started on port(s): 9090 (http) with context path ''
2023-11-20T15:39:40.037+05:30  INFO 21228 --- [restartedMain] c.p.BirthdayReminderAppApplication       : Started BirthdayReminderAppApplication in 1.304 seconds (process running for 534.936)
2023-11-20T15:39:40.040+05:30  INFO 21228 --- [restartedMain] .ConditionEvaluationDeltaLoggingListener : Condition evaluation unchanged
2023-11-20T15:39:41.419+05:30  INFO 21228 --- [File Watcher] rtingClassPathChangeChangedEventListener : Restarting due to 14 class path changes (0 additions, 0 deletions, 14 modifications)
2023-11-20T15:39:41.522+05:30  INFO 21228 --- [Thread-7] o.apache.catalina.core.StandardService   : Stopping service [Tomcat]
2023-11-20T15:39:41.527+05:30  INFO 21228 --- [Thread-7] j.LocalContainerEntityManagerFactoryBean : Closing JPA EntityManagerFactory for persistence unit 'default'
2023-11-20T15:39:41.528+05:30  INFO 21228 --- [Thread-7] com.zaxxer.hikari.HikariDataSource       : HikariPool-2 - Shutdown initiated...
2023-11-20T15:39:41.537+05:30  INFO 21228 --- [Thread-7] com.zaxxer.hikari.HikariDataSource       : HikariPool-2 - Shutdown completed.
2023-11-20T15:39:41.655+05:30  INFO 21228 --- [restartedMain] c.p.BirthdayReminderAppApplication       : Starting BirthdayReminderAppApplication using Java 17.0.9 with PID 21228 (D:\BirthdaayApp\BirthdayReminderApp\BirthdayReminderApp\target\classes started by ashishw in D:\BirthdaayApp\BirthdayReminderApp\BirthdayReminderApp)
2023-11-20T15:39:41.655+05:30  INFO 21228 --- [restartedMain] c.p.BirthdayReminderAppApplication       : No active profile set, falling back to 1 default profile: "default"
2023-11-20T15:39:41.876+05:30  INFO 21228 --- [restartedMain] .s.d.r.c.RepositoryConfigurationDelegate : Bootstrapping Spring Data JPA repositories in DEFAULT mode.
2023-11-20T15:39:41.893+05:30  INFO 21228 --- [restartedMain] .s.d.r.c.RepositoryConfigurationDelegate : Finished Spring Data repository scanning in 16 ms. Found 1 JPA repository interfaces.
2023-11-20T15:39:42.046+05:30  INFO 21228 --- [restartedMain] o.s.b.w.embedded.tomcat.TomcatWebServer  : Tomcat initialized with port(s): 9090 (http)
2023-11-20T15:39:42.047+05:30  INFO 21228 --- [restartedMain] o.apache.catalina.core.StandardService   : Starting service [Tomcat]
2023-11-20T15:39:42.048+05:30  INFO 21228 --- [restartedMain] o.apache.catalina.core.StandardEngine    : Starting Servlet engine: [Apache Tomcat/10.1.15]
2023-11-20T15:39:42.074+05:30  INFO 21228 --- [restartedMain] o.a.c.c.C.[Tomcat].[localhost].[/]       : Initializing Spring embedded WebApplicationContext
2023-11-20T15:39:42.074+05:30  INFO 21228 --- [restartedMain] w.s.c.ServletWebServerApplicationContext : Root WebApplicationContext: initialization completed in 417 ms
2023-11-20T15:39:42.135+05:30  INFO 21228 --- [restartedMain] o.hibernate.jpa.internal.util.LogHelper  : HHH000204: Processing PersistenceUnitInfo [name: default]
2023-11-20T15:39:42.156+05:30  INFO 21228 --- [restartedMain] o.s.o.j.p.SpringPersistenceUnitInfo      : No LoadTimeWeaver setup: ignoring JPA class transformer
2023-11-20T15:39:42.157+05:30  INFO 21228 --- [restartedMain] com.zaxxer.hikari.HikariDataSource       : HikariPool-3 - Starting...
2023-11-20T15:39:42.178+05:30  INFO 21228 --- [restartedMain] com.zaxxer.hikari.pool.HikariPool        : HikariPool-3 - Added connection com.mysql.cj.jdbc.ConnectionImpl@6ead0472
2023-11-20T15:39:42.178+05:30  INFO 21228 --- [restartedMain] com.zaxxer.hikari.HikariDataSource       : HikariPool-3 - Start completed.
2023-11-20T15:39:42.179+05:30  WARN 21228 --- [restartedMain] org.hibernate.orm.deprecation            : HHH90000025: MySQL8Dialect does not need to be specified explicitly using 'hibernate.dialect' (remove the property setting and it will be selected by default)
2023-11-20T15:39:42.179+05:30  WARN 21228 --- [restartedMain] org.hibernate.orm.deprecation            : HHH90000026: MySQL8Dialect has been deprecated; use org.hibernate.dialect.MySQLDialect instead
2023-11-20T15:39:42.214+05:30  INFO 21228 --- [restartedMain] o.h.e.t.j.p.i.JtaPlatformInitiator       : HHH000489: No JTA platform available (set 'hibernate.transaction.jta.platform' to enable JTA platform integration)
2023-11-20T15:39:42.224+05:30  INFO 21228 --- [restartedMain] j.LocalContainerEntityManagerFactoryBean : Initialized JPA EntityManagerFactory for persistence unit 'default'
2023-11-20T15:39:42.312+05:30  WARN 21228 --- [restartedMain] ConfigServletWebServerApplicationContext : Exception encountered during context initialization - cancelling refresh attempt: org.springframework.beans.factory.BeanCreationException: Error creating bean with name 'resApi' defined in class path resource [com/prorigo/config/SwaggerConfig.class]: Failed to instantiate [springfox.documentation.spring.web.plugins.Docket]: Factory method 'resApi' threw exception with message: Unresolved compilation problem: 
	The method apis(com.google.common.base.Predicate<springfox.documentation.RequestHandler>) in the type ApiSelectorBuilder is not applicable for the arguments (java.util.function.Predicate<springfox.documentation.RequestHandler>)

2023-11-20T15:39:42.313+05:30  INFO 21228 --- [restartedMain] j.LocalContainerEntityManagerFactoryBean : Closing JPA EntityManagerFactory for persistence unit 'default'
2023-11-20T15:39:42.314+05:30  INFO 21228 --- [restartedMain] com.zaxxer.hikari.HikariDataSource       : HikariPool-3 - Shutdown initiated...
2023-11-20T15:39:42.339+05:30  INFO 21228 --- [restartedMain] com.zaxxer.hikari.HikariDataSource       : HikariPool-3 - Shutdown completed.
2023-11-20T15:39:42.341+05:30  INFO 21228 --- [restartedMain] o.apache.catalina.core.StandardService   : Stopping service [Tomcat]
2023-11-20T15:39:42.353+05:30  INFO 21228 --- [restartedMain] .s.b.a.l.ConditionEvaluationReportLogger : 

Error starting ApplicationContext. To display the condition evaluation report re-run your application with 'debug' enabled.
2023-11-20T15:39:42.383+05:30 ERROR 21228 --- [restartedMain] o.s.boot.SpringApplication               : Application run failed

org.springframework.beans.factory.BeanCreationException: Error creating bean with name 'resApi' defined in class path resource [com/prorigo/config/SwaggerConfig.class]: Failed to instantiate [springfox.documentation.spring.web.plugins.Docket]: Factory method 'resApi' threw exception with message: Unresolved compilation problem: 
	The method apis(com.google.common.base.Predicate<springfox.documentation.RequestHandler>) in the type ApiSelectorBuilder is not applicable for the arguments (java.util.function.Predicate<springfox.documentation.RequestHandler>)

	at org.springframework.beans.factory.support.ConstructorResolver.instantiate(ConstructorResolver.java:654) ~[spring-beans-6.0.13.jar:6.0.13]
	at org.springframework.beans.factory.support.ConstructorResolver.instantiateUsingFactoryMethod(ConstructorResolver.java:488) ~[spring-beans-6.0.13.jar:6.0.13]
	at org.springframework.beans.factory.support.AbstractAutowireCapableBeanFactory.instantiateUsingFactoryMethod(AbstractAutowireCapableBeanFactory.java:1332) ~[spring-beans-6.0.13.jar:6.0.13]
	at org.springframework.beans.factory.support.AbstractAutowireCapableBeanFactory.createBeanInstance(AbstractAutowireCapableBeanFactory.java:1162) ~[spring-beans-6.0.13.jar:6.0.13]
	at org.springframework.beans.factory.support.AbstractAutowireCapableBeanFactory.doCreateBean(AbstractAutowireCapableBeanFactory.java:560) ~[spring-beans-6.0.13.jar:6.0.13]
	at org.springframework.beans.factory.support.AbstractAutowireCapableBeanFactory.createBean(AbstractAutowireCapableBeanFactory.java:520) ~[spring-beans-6.0.13.jar:6.0.13]
	at org.springframework.beans.factory.support.AbstractBeanFactory.lambda$doGetBean$0(AbstractBeanFactory.java:325) ~[spring-beans-6.0.13.jar:6.0.13]
	at org.springframework.beans.factory.support.DefaultSingletonBeanRegistry.getSingleton(DefaultSingletonBeanRegistry.java:234) ~[spring-beans-6.0.13.jar:6.0.13]
	at org.springframework.beans.factory.support.AbstractBeanFactory.doGetBean(AbstractBeanFactory.java:323) ~[spring-beans-6.0.13.jar:6.0.13]
	at org.springframework.beans.factory.support.AbstractBeanFactory.getBean(AbstractBeanFactory.java:199) ~[spring-beans-6.0.13.jar:6.0.13]
	at org.springframework.beans.factory.support.DefaultListableBeanFactory.preInstantiateSingletons(DefaultListableBeanFactory.java:973) ~[spring-beans-6.0.13.jar:6.0.13]
	at org.springframework.context.support.AbstractApplicationContext.finishBeanFactoryInitialization(AbstractApplicationContext.java:950) ~[spring-context-6.0.13.jar:6.0.13]
	at org.springframework.context.support.AbstractApplicationContext.refresh(AbstractApplicationContext.java:616) ~[spring-context-6.0.13.jar:6.0.13]
	at org.springframework.boot.web.servlet.context.ServletWebServerApplicationContext.refresh(ServletWebServerApplicationContext.java:146) ~[spring-boot-3.1.5.jar:3.1.5]
	at org.springframework.boot.SpringApplication.refresh(SpringApplication.java:738) ~[spring-boot-3.1.5.jar:3.1.5]
	at org.springframework.boot.SpringApplication.refreshContext(SpringApplication.java:440) ~[spring-boot-3.1.5.jar:3.1.5]
	at org.springframework.boot.SpringApplication.run(SpringApplication.java:316) ~[spring-boot-3.1.5.jar:3.1.5]
	at org.springframework.boot.SpringApplication.run(SpringApplication.java:1306) ~[spring-boot-3.1.5.jar:3.1.5]
	at org.springframework.boot.SpringApplication.run(SpringApplication.java:1295) ~[spring-boot-3.1.5.jar:3.1.5]
	at com.prorigo.BirthdayReminderAppApplication.main(BirthdayReminderAppApplication.java:12) ~[classes/:na]
	at java.base/jdk.internal.reflect.NativeMethodAccessorImpl.invoke0(Native Method) ~[na:na]
	at java.base/jdk.internal.reflect.NativeMethodAccessorImpl.invoke(NativeMethodAccessorImpl.java:77) ~[na:na]
	at java.base/jdk.internal.reflect.DelegatingMethodAccessorImpl.invoke(DelegatingMethodAccessorImpl.java:43) ~[na:na]
	at java.base/java.lang.reflect.Method.invoke(Method.java:568) ~[na:na]
	at org.springframework.boot.devtools.restart.RestartLauncher.run(RestartLauncher.java:50) ~[spring-boot-devtools-3.1.5.jar:3.1.5]
Caused by: org.springframework.beans.BeanInstantiationException: Failed to instantiate [springfox.documentation.spring.web.plugins.Docket]: Factory method 'resApi' threw exception with message: Unresolved compilation problem: 
	The method apis(com.google.common.base.Predicate<springfox.documentation.RequestHandler>) in the type ApiSelectorBuilder is not applicable for the arguments (java.util.function.Predicate<springfox.documentation.RequestHandler>)

	at org.springframework.beans.factory.support.SimpleInstantiationStrategy.instantiate(SimpleInstantiationStrategy.java:171) ~[spring-beans-6.0.13.jar:6.0.13]
	at org.springframework.beans.factory.support.ConstructorResolver.instantiate(ConstructorResolver.java:650) ~[spring-beans-6.0.13.jar:6.0.13]
	... 24 common frames omitted
Caused by: java.lang.Error: Unresolved compilation problem: 
	The method apis(com.google.common.base.Predicate<springfox.documentation.RequestHandler>) in the type ApiSelectorBuilder is not applicable for the arguments (java.util.function.Predicate<springfox.documentation.RequestHandler>)

	at com.prorigo.config.SwaggerConfig.resApi(SwaggerConfig.java:22) ~[classes/:na]
	at com.prorigo.config.SwaggerConfig$$SpringCGLIB$$0.CGLIB$resApi$0(<generated>) ~[classes/:na]
	at com.prorigo.config.SwaggerConfig$$SpringCGLIB$$FastClass$$1.invoke(<generated>) ~[classes/:na]
	at org.springframework.cglib.proxy.MethodProxy.invokeSuper(MethodProxy.java:258) ~[spring-core-6.0.13.jar:6.0.13]
	at org.springframework.context.annotation.ConfigurationClassEnhancer$BeanMethodInterceptor.intercept(ConfigurationClassEnhancer.java:331) ~[spring-context-6.0.13.jar:6.0.13]
	at com.prorigo.config.SwaggerConfig$$SpringCGLIB$$0.resApi(<generated>) ~[classes/:na]
	at java.base/jdk.internal.reflect.NativeMethodAccessorImpl.invoke0(Native Method) ~[na:na]
	at java.base/jdk.internal.reflect.NativeMethodAccessorImpl.invoke(NativeMethodAccessorImpl.java:77) ~[na:na]
	at java.base/jdk.internal.reflect.DelegatingMethodAccessorImpl.invoke(DelegatingMethodAccessorImpl.java:43) ~[na:na]
	at java.base/java.lang.reflect.Method.invoke(Method.java:568) ~[na:na]
	at org.springframework.beans.factory.support.SimpleInstantiationStrategy.instantiate(SimpleInstantiationStrategy.java:139) ~[spring-beans-6.0.13.jar:6.0.13]
	... 25 common frames omitted

2023-11-20T15:40:52.300+05:30  INFO 23988 --- [restartedMain] c.p.BirthdayReminderAppApplication       : Starting BirthdayReminderAppApplication using Java 17.0.9 with PID 23988 (D:\BirthdaayApp\BirthdayReminderApp\BirthdayReminderApp\target\classes started by ashishw in D:\BirthdaayApp\BirthdayReminderApp\BirthdayReminderApp)
2023-11-20T15:40:52.302+05:30  INFO 23988 --- [restartedMain] c.p.BirthdayReminderAppApplication       : No active profile set, falling back to 1 default profile: "default"
2023-11-20T15:40:52.369+05:30  INFO 23988 --- [restartedMain] .e.DevToolsPropertyDefaultsPostProcessor : Devtools property defaults active! Set 'spring.devtools.add-properties' to 'false' to disable
2023-11-20T15:40:52.370+05:30  INFO 23988 --- [restartedMain] .e.DevToolsPropertyDefaultsPostProcessor : For additional web related logging consider setting the 'logging.level.web' property to 'DEBUG'
2023-11-20T15:40:52.556+05:30  WARN 23988 --- [restartedMain] ConfigServletWebServerApplicationContext : Exception encountered during context initialization - cancelling refresh attempt: org.springframework.beans.factory.BeanDefinitionStoreException: Failed to process import candidates for configuration class [com.prorigo.config.SwaggerConfig]: class path resource [springfox/documentation/spring/web/SpringfoxWebConfiguration.class] cannot be opened because it does not exist
2023-11-20T15:40:52.571+05:30  INFO 23988 --- [restartedMain] .s.b.a.l.ConditionEvaluationReportLogger : 

Error starting ApplicationContext. To display the condition evaluation report re-run your application with 'debug' enabled.
2023-11-20T15:40:52.591+05:30 ERROR 23988 --- [restartedMain] o.s.boot.SpringApplication               : Application run failed

org.springframework.beans.factory.BeanDefinitionStoreException: Failed to process import candidates for configuration class [com.prorigo.config.SwaggerConfig]: class path resource [springfox/documentation/spring/web/SpringfoxWebConfiguration.class] cannot be opened because it does not exist
	at org.springframework.context.annotation.ConfigurationClassParser.processImports(ConfigurationClassParser.java:527) ~[spring-context-6.0.13.jar:6.0.13]
	at org.springframework.context.annotation.ConfigurationClassParser.doProcessConfigurationClass(ConfigurationClassParser.java:304) ~[spring-context-6.0.13.jar:6.0.13]
	at org.springframework.context.annotation.ConfigurationClassParser.processConfigurationClass(ConfigurationClassParser.java:243) ~[spring-context-6.0.13.jar:6.0.13]
	at org.springframework.context.annotation.ConfigurationClassParser.parse(ConfigurationClassParser.java:188) ~[spring-context-6.0.13.jar:6.0.13]
	at org.springframework.context.annotation.ConfigurationClassParser.doProcessConfigurationClass(ConfigurationClassParser.java:297) ~[spring-context-6.0.13.jar:6.0.13]
	at org.springframework.context.annotation.ConfigurationClassParser.processConfigurationClass(ConfigurationClassParser.java:243) ~[spring-context-6.0.13.jar:6.0.13]
	at org.springframework.context.annotation.ConfigurationClassParser.parse(ConfigurationClassParser.java:196) ~[spring-context-6.0.13.jar:6.0.13]
	at org.springframework.context.annotation.ConfigurationClassParser.parse(ConfigurationClassParser.java:164) ~[spring-context-6.0.13.jar:6.0.13]
	at org.springframework.context.annotation.ConfigurationClassPostProcessor.processConfigBeanDefinitions(ConfigurationClassPostProcessor.java:415) ~[spring-context-6.0.13.jar:6.0.13]
	at org.springframework.context.annotation.ConfigurationClassPostProcessor.postProcessBeanDefinitionRegistry(ConfigurationClassPostProcessor.java:287) ~[spring-context-6.0.13.jar:6.0.13]
	at org.springframework.context.support.PostProcessorRegistrationDelegate.invokeBeanDefinitionRegistryPostProcessors(PostProcessorRegistrationDelegate.java:344) ~[spring-context-6.0.13.jar:6.0.13]
	at org.springframework.context.support.PostProcessorRegistrationDelegate.invokeBeanFactoryPostProcessors(PostProcessorRegistrationDelegate.java:115) ~[spring-context-6.0.13.jar:6.0.13]
	at org.springframework.context.support.AbstractApplicationContext.invokeBeanFactoryPostProcessors(AbstractApplicationContext.java:779) ~[spring-context-6.0.13.jar:6.0.13]
	at org.springframework.context.support.AbstractApplicationContext.refresh(AbstractApplicationContext.java:597) ~[spring-context-6.0.13.jar:6.0.13]
	at org.springframework.boot.web.servlet.context.ServletWebServerApplicationContext.refresh(ServletWebServerApplicationContext.java:146) ~[spring-boot-3.1.5.jar:3.1.5]
	at org.springframework.boot.SpringApplication.refresh(SpringApplication.java:738) ~[spring-boot-3.1.5.jar:3.1.5]
	at org.springframework.boot.SpringApplication.refreshContext(SpringApplication.java:440) ~[spring-boot-3.1.5.jar:3.1.5]
	at org.springframework.boot.SpringApplication.run(SpringApplication.java:316) ~[spring-boot-3.1.5.jar:3.1.5]
	at org.springframework.boot.SpringApplication.run(SpringApplication.java:1306) ~[spring-boot-3.1.5.jar:3.1.5]
	at org.springframework.boot.SpringApplication.run(SpringApplication.java:1295) ~[spring-boot-3.1.5.jar:3.1.5]
	at com.prorigo.BirthdayReminderAppApplication.main(BirthdayReminderAppApplication.java:12) ~[classes/:na]
	at java.base/jdk.internal.reflect.NativeMethodAccessorImpl.invoke0(Native Method) ~[na:na]
	at java.base/jdk.internal.reflect.NativeMethodAccessorImpl.invoke(NativeMethodAccessorImpl.java:77) ~[na:na]
	at java.base/jdk.internal.reflect.DelegatingMethodAccessorImpl.invoke(DelegatingMethodAccessorImpl.java:43) ~[na:na]
	at java.base/java.lang.reflect.Method.invoke(Method.java:568) ~[na:na]
	at org.springframework.boot.devtools.restart.RestartLauncher.run(RestartLauncher.java:50) ~[spring-boot-devtools-3.1.5.jar:3.1.5]
Caused by: java.io.FileNotFoundException: class path resource [springfox/documentation/spring/web/SpringfoxWebConfiguration.class] cannot be opened because it does not exist
	at org.springframework.core.io.ClassPathResource.getInputStream(ClassPathResource.java:211) ~[spring-core-6.0.13.jar:6.0.13]
	at org.springframework.core.type.classreading.SimpleMetadataReader.getClassReader(SimpleMetadataReader.java:54) ~[spring-core-6.0.13.jar:6.0.13]
	at org.springframework.core.type.classreading.SimpleMetadataReader.<init>(SimpleMetadataReader.java:48) ~[spring-core-6.0.13.jar:6.0.13]
	at org.springframework.core.type.classreading.SimpleMetadataReaderFactory.getMetadataReader(SimpleMetadataReaderFactory.java:103) ~[spring-core-6.0.13.jar:6.0.13]
	at org.springframework.boot.type.classreading.ConcurrentReferenceCachingMetadataReaderFactory.createMetadataReader(ConcurrentReferenceCachingMetadataReaderFactory.java:86) ~[spring-boot-3.1.5.jar:3.1.5]
	at org.springframework.boot.type.classreading.ConcurrentReferenceCachingMetadataReaderFactory.getMetadataReader(ConcurrentReferenceCachingMetadataReaderFactory.java:73) ~[spring-boot-3.1.5.jar:3.1.5]
	at org.springframework.core.type.classreading.SimpleMetadataReaderFactory.getMetadataReader(SimpleMetadataReaderFactory.java:81) ~[spring-core-6.0.13.jar:6.0.13]
	at org.springframework.context.annotation.ConfigurationClassParser.asSourceClass(ConfigurationClassParser.java:613) ~[spring-context-6.0.13.jar:6.0.13]
	at org.springframework.context.annotation.ConfigurationClassParser$SourceClass.getRelated(ConfigurationClassParser.java:1004) ~[spring-context-6.0.13.jar:6.0.13]
	at org.springframework.context.annotation.ConfigurationClassParser$SourceClass.getAnnotationAttributes(ConfigurationClassParser.java:985) ~[spring-context-6.0.13.jar:6.0.13]
	at org.springframework.context.annotation.ConfigurationClassParser.collectImports(ConfigurationClassParser.java:466) ~[spring-context-6.0.13.jar:6.0.13]
	at org.springframework.context.annotation.ConfigurationClassParser.getImports(ConfigurationClassParser.java:439) ~[spring-context-6.0.13.jar:6.0.13]
	at org.springframework.context.annotation.ConfigurationClassParser.doProcessConfigurationClass(ConfigurationClassParser.java:304) ~[spring-context-6.0.13.jar:6.0.13]
	at org.springframework.context.annotation.ConfigurationClassParser.processConfigurationClass(ConfigurationClassParser.java:243) ~[spring-context-6.0.13.jar:6.0.13]
	at org.springframework.context.annotation.ConfigurationClassParser.processImports(ConfigurationClassParser.java:517) ~[spring-context-6.0.13.jar:6.0.13]
	... 25 common frames omitted

2023-11-20T22:01:03.740+05:30  INFO 25148 --- [restartedMain] c.p.BirthdayReminderAppApplication       : Starting BirthdayReminderAppApplication using Java 17.0.9 with PID 25148 (D:\BirthdaayApp\BirthdayReminderApp\BirthdayReminderApp\target\classes started by ashishw in D:\BirthdaayApp\BirthdayReminderApp\BirthdayReminderApp)
2023-11-20T22:01:03.742+05:30  INFO 25148 --- [restartedMain] c.p.BirthdayReminderAppApplication       : No active profile set, falling back to 1 default profile: "default"
2023-11-20T22:01:03.790+05:30  INFO 25148 --- [restartedMain] .e.DevToolsPropertyDefaultsPostProcessor : Devtools property defaults active! Set 'spring.devtools.add-properties' to 'false' to disable
2023-11-20T22:01:03.790+05:30  INFO 25148 --- [restartedMain] .e.DevToolsPropertyDefaultsPostProcessor : For additional web related logging consider setting the 'logging.level.web' property to 'DEBUG'
2023-11-20T22:01:04.416+05:30  INFO 25148 --- [restartedMain] .s.d.r.c.RepositoryConfigurationDelegate : Bootstrapping Spring Data JPA repositories in DEFAULT mode.
2023-11-20T22:01:04.492+05:30  INFO 25148 --- [restartedMain] .s.d.r.c.RepositoryConfigurationDelegate : Finished Spring Data repository scanning in 65 ms. Found 1 JPA repository interfaces.
2023-11-20T22:01:05.052+05:30  INFO 25148 --- [restartedMain] o.s.b.w.embedded.tomcat.TomcatWebServer  : Tomcat initialized with port(s): 9090 (http)
2023-11-20T22:01:05.064+05:30  INFO 25148 --- [restartedMain] o.apache.catalina.core.StandardService   : Starting service [Tomcat]
2023-11-20T22:01:05.064+05:30  INFO 25148 --- [restartedMain] o.apache.catalina.core.StandardEngine    : Starting Servlet engine: [Apache Tomcat/10.1.15]
2023-11-20T22:01:05.125+05:30  INFO 25148 --- [restartedMain] o.a.c.c.C.[Tomcat].[localhost].[/]       : Initializing Spring embedded WebApplicationContext
2023-11-20T22:01:05.126+05:30  INFO 25148 --- [restartedMain] w.s.c.ServletWebServerApplicationContext : Root WebApplicationContext: initialization completed in 1335 ms
2023-11-20T22:01:05.244+05:30  INFO 25148 --- [restartedMain] o.hibernate.jpa.internal.util.LogHelper  : HHH000204: Processing PersistenceUnitInfo [name: default]
2023-11-20T22:01:05.301+05:30  INFO 25148 --- [restartedMain] org.hibernate.Version                    : HHH000412: Hibernate ORM core version 6.2.13.Final
2023-11-20T22:01:05.304+05:30  INFO 25148 --- [restartedMain] org.hibernate.cfg.Environment            : HHH000406: Using bytecode reflection optimizer
2023-11-20T22:01:05.560+05:30  INFO 25148 --- [restartedMain] o.s.o.j.p.SpringPersistenceUnitInfo      : No LoadTimeWeaver setup: ignoring JPA class transformer
2023-11-20T22:01:05.590+05:30  INFO 25148 --- [restartedMain] com.zaxxer.hikari.HikariDataSource       : HikariPool-1 - Starting...
2023-11-20T22:01:05.829+05:30  INFO 25148 --- [restartedMain] com.zaxxer.hikari.pool.HikariPool        : HikariPool-1 - Added connection com.mysql.cj.jdbc.ConnectionImpl@5d91503
2023-11-20T22:01:05.830+05:30  INFO 25148 --- [restartedMain] com.zaxxer.hikari.HikariDataSource       : HikariPool-1 - Start completed.
2023-11-20T22:01:05.879+05:30  WARN 25148 --- [restartedMain] org.hibernate.orm.deprecation            : HHH90000025: MySQL8Dialect does not need to be specified explicitly using 'hibernate.dialect' (remove the property setting and it will be selected by default)
2023-11-20T22:01:05.880+05:30  WARN 25148 --- [restartedMain] org.hibernate.orm.deprecation            : HHH90000026: MySQL8Dialect has been deprecated; use org.hibernate.dialect.MySQLDialect instead
2023-11-20T22:01:06.555+05:30  INFO 25148 --- [restartedMain] o.h.e.t.j.p.i.JtaPlatformInitiator       : HHH000489: No JTA platform available (set 'hibernate.transaction.jta.platform' to enable JTA platform integration)
2023-11-20T22:01:06.604+05:30  INFO 25148 --- [restartedMain] j.LocalContainerEntityManagerFactoryBean : Initialized JPA EntityManagerFactory for persistence unit 'default'
2023-11-20T22:01:06.816+05:30  INFO 25148 --- [restartedMain] o.s.d.j.r.query.QueryEnhancerFactory     : Hibernate is in classpath; If applicable, HQL parser will be used.
2023-11-20T22:01:07.152+05:30  WARN 25148 --- [restartedMain] JpaBaseConfiguration$JpaWebConfiguration : spring.jpa.open-in-view is enabled by default. Therefore, database queries may be performed during view rendering. Explicitly configure spring.jpa.open-in-view to disable this warning
2023-11-20T22:01:07.289+05:30  INFO 25148 --- [restartedMain] o.s.b.a.w.s.WelcomePageHandlerMapping    : Adding welcome page template: index
2023-11-20T22:01:07.449+05:30  INFO 25148 --- [restartedMain] o.s.b.d.a.OptionalLiveReloadServer       : LiveReload server is running on port 35729
2023-11-20T22:01:07.485+05:30  INFO 25148 --- [restartedMain] o.s.b.w.embedded.tomcat.TomcatWebServer  : Tomcat started on port(s): 9090 (http) with context path ''
2023-11-20T22:01:07.492+05:30  INFO 25148 --- [restartedMain] c.p.BirthdayReminderAppApplication       : Started BirthdayReminderAppApplication in 4.126 seconds (process running for 4.763)
2023-11-20T22:01:49.461+05:30  INFO 25148 --- [http-nio-9090-exec-1] o.a.c.c.C.[Tomcat].[localhost].[/]       : Initializing Spring DispatcherServlet 'dispatcherServlet'
2023-11-20T22:01:49.461+05:30  INFO 25148 --- [http-nio-9090-exec-1] o.s.web.servlet.DispatcherServlet        : Initializing Servlet 'dispatcherServlet'
2023-11-20T22:01:49.463+05:30  INFO 25148 --- [http-nio-9090-exec-1] o.s.web.servlet.DispatcherServlet        : Completed initialization in 2 ms
2023-11-20T22:27:03.758+05:30  INFO 25148 --- [RMI TCP Connection(28)-127.0.0.1] inMXBeanRegistrar$SpringApplicationAdmin : Application shutdown requested.
2023-11-20T22:27:03.783+05:30  INFO 25148 --- [RMI TCP Connection(28)-127.0.0.1] o.apache.catalina.core.StandardService   : Stopping service [Tomcat]
2023-11-20T22:27:03.786+05:30  INFO 25148 --- [RMI TCP Connection(28)-127.0.0.1] o.a.c.c.C.[Tomcat].[localhost].[/]       : Destroying Spring FrameworkServlet 'dispatcherServlet'
2023-11-20T22:27:03.803+05:30  INFO 25148 --- [RMI TCP Connection(28)-127.0.0.1] j.LocalContainerEntityManagerFactoryBean : Closing JPA EntityManagerFactory for persistence unit 'default'
2023-11-20T22:27:03.814+05:30  INFO 25148 --- [RMI TCP Connection(28)-127.0.0.1] com.zaxxer.hikari.HikariDataSource       : HikariPool-1 - Shutdown initiated...
2023-11-20T22:27:03.855+05:30  INFO 25148 --- [RMI TCP Connection(28)-127.0.0.1] com.zaxxer.hikari.HikariDataSource       : HikariPool-1 - Shutdown completed.
